<?xml version="1.0" encoding="UTF-8"?>
<!-- Generated by org.testng.reporters.JUnitXMLReporter -->
<testsuite hostname="DA16010730" ignored="2" name="Default test" tests="3" failures="0" timestamp="09 Nov 2018 21:44:32 GMT" time="72.637" errors="0">
  <testcase name="loginCheck" time="9.214" classname="caseOfTest.LoginTest"/>
  <testcase name="openCreateQuote" time="33.014" classname="caseOfTest.LoginTest"/>
  <testcase name="createQuoteWithData" time="30.359" classname="caseOfTest.LoginTest"/>
  <testcase name="@AfterSuite tearDown" time="0.0" classname="testBase.GroundFloor">
    <ignored/>
  </testcase> <!-- @AfterSuite tearDown -->
  <testcase name="@BeforeSuite setUp" time="0.0" classname="testBase.GroundFloor">
    <ignored/>
  </testcase> <!-- @BeforeSuite setUp -->
</testsuite> <!-- Default test -->
