<?xml version="1.0" encoding="UTF-8"?>
<!-- Generated by org.testng.reporters.JUnitXMLReporter -->
<testsuite hostname="DA16010730" ignored="4" name="Default test" tests="4" failures="0" timestamp="10 Nov 2018 08:01:07 GMT" time="66.765" errors="0">
  <testcase name="loginCheck" time="10.891" classname="caseOfTest.LoginTest"/>
  <testcase name="openCreateQuote" time="42.861" classname="caseOfTest.LoginTest"/>
  <testcase name="createQuoteWithData" time="8.552" classname="caseOfTest.LoginTest"/>
  <testcase name="createQuoteWithData" time="4.38" classname="caseOfTest.LoginTest"/>
  <testcase name="@AfterSuite tearDown" time="0.0" classname="testBase.GroundFloor">
    <ignored/>
  </testcase> <!-- @AfterSuite tearDown -->
  <testcase name="@AfterSuite tearDown" time="0.0" classname="testBase.GroundFloor">
    <ignored/>
  </testcase> <!-- @AfterSuite tearDown -->
  <testcase name="@BeforeSuite setUp" time="0.0" classname="testBase.GroundFloor">
    <ignored/>
  </testcase> <!-- @BeforeSuite setUp -->
  <testcase name="@BeforeSuite setUp" time="0.0" classname="testBase.GroundFloor">
    <ignored/>
  </testcase> <!-- @BeforeSuite setUp -->
</testsuite> <!-- Default test -->
