<?xml version="1.0" encoding="UTF-8"?>
<testsuite name="Test"
           tests="234"
           failures="1"
           errors="0"
           skipped="150"
           time="947.317">
  <properties />
            <testcase name="scrapeData" time="30.054" classname="caseOfTest.ScrapeData">
                <failure type="org.openqa.selenium.NoSuchElementException"
                  message="no such element: Unable to locate element: {&quot;method&quot;:&quot;xpath&quot;,&quot;selector&quot;:&quot;//div[contains(text(),&apos;Existing Options &apos;)][contains(@class,&apos;clr&apos;)]&quot;}
  (Session info: chrome=66.0.3359.170)
  (Driver info: chromedriver=2.36.540470 (e522d04694c7ebea4ba8821272dbef4f9b818c91),platform=Windows NT 10.0.14393 x86_64) (WARNING: The server did not provide any stacktrace information)
Command duration or timeout: 0 milliseconds
For documentation on this error, please visit: http://seleniumhq.org/exceptions/no_such_element.html
Build info: version: &apos;3.11.0&apos;, revision: &apos;e59cfb3&apos;, time: &apos;2018-03-11T20:26:55.152Z&apos;
System info: host: &apos;DA16010730&apos;, ip: &apos;135.105.98.234&apos;, os.name: &apos;Windows 10&apos;, os.arch: &apos;amd64&apos;, os.version: &apos;10.0&apos;, java.version: &apos;1.8.0_92&apos;
Driver info: org.openqa.selenium.chrome.ChromeDriver
Capabilities {acceptInsecureCerts: false, acceptSslCerts: false, applicationCacheEnabled: false, browserConnectionEnabled: false, browserName: chrome, chrome: {chromedriverVersion: 2.36.540470 (e522d04694c7eb..., userDataDir: C:\Users\HSWARO~1\AppData\L...}, cssSelectorsEnabled: true, databaseEnabled: false, handlesAlerts: true, hasTouchScreen: false, javascriptEnabled: true, locationContextEnabled: true, mobileEmulationEnabled: false, nativeEvents: true, networkConnectionEnabled: false, pageLoadStrategy: normal, platform: XP, platformName: XP, rotatable: false, setWindowRect: true, takesHeapSnapshot: true, takesScreenshot: true, unexpectedAlertBehaviour: , unhandledPromptBehavior: , version: 66.0.3359.170, webStorageEnabled: true}
Session ID: 11b3abc3568cd8d7418b50a0822e34cb
*** Element info: {Using=xpath, value=//div[contains(text(),&apos;Existing Options &apos;)][contains(@class,&apos;clr&apos;)]}"
              >
<![CDATA[org.openqa.selenium.NoSuchElementException: no such element: Unable to locate element: {"method":"xpath","selector":"//div[contains(text(),'Existing Options ')][contains(@class,'clr')]"}
  (Session info: chrome=66.0.3359.170)
  (Driver info: chromedriver=2.36.540470 (e522d04694c7ebea4ba8821272dbef4f9b818c91),platform=Windows NT 10.0.14393 x86_64) (WARNING: The server did not provide any stacktrace information)
Command duration or timeout: 0 milliseconds
For documentation on this error, please visit: http://seleniumhq.org/exceptions/no_such_element.html
Build info: version: '3.11.0', revision: 'e59cfb3', time: '2018-03-11T20:26:55.152Z'
System info: host: 'DA16010730', ip: '135.105.98.234', os.name: 'Windows 10', os.arch: 'amd64', os.version: '10.0', java.version: '1.8.0_92'
Driver info: org.openqa.selenium.chrome.ChromeDriver
Capabilities {acceptInsecureCerts: false, acceptSslCerts: false, applicationCacheEnabled: false, browserConnectionEnabled: false, browserName: chrome, chrome: {chromedriverVersion: 2.36.540470 (e522d04694c7eb..., userDataDir: C:\Users\HSWARO~1\AppData\L...}, cssSelectorsEnabled: true, databaseEnabled: false, handlesAlerts: true, hasTouchScreen: false, javascriptEnabled: true, locationContextEnabled: true, mobileEmulationEnabled: false, nativeEvents: true, networkConnectionEnabled: false, pageLoadStrategy: normal, platform: XP, platformName: XP, rotatable: false, setWindowRect: true, takesHeapSnapshot: true, takesScreenshot: true, unexpectedAlertBehaviour: , unhandledPromptBehavior: , version: 66.0.3359.170, webStorageEnabled: true}
Session ID: 11b3abc3568cd8d7418b50a0822e34cb
*** Element info: {Using=xpath, value=//div[contains(text(),'Existing Options ')][contains(@class,'clr')]}
  sun.reflect.NativeConstructorAccessorImpl.newInstance0(Native Method)
  sun.reflect.NativeConstructorAccessorImpl.newInstance(Unknown Source)
  sun.reflect.DelegatingConstructorAccessorImpl.newInstance(Unknown Source)
  java.lang.reflect.Constructor.newInstance(Unknown Source)
  org.openqa.selenium.remote.ErrorHandler.createThrowable(ErrorHandler.java:214)
  org.openqa.selenium.remote.ErrorHandler.throwIfResponseFailed(ErrorHandler.java:166)
  org.openqa.selenium.remote.http.JsonHttpResponseCodec.reconstructValue(JsonHttpResponseCodec.java:40)
  org.openqa.selenium.remote.http.AbstractHttpResponseCodec.decode(AbstractHttpResponseCodec.java:80)
  org.openqa.selenium.remote.http.AbstractHttpResponseCodec.decode(AbstractHttpResponseCodec.java:44)
  org.openqa.selenium.remote.HttpCommandExecutor.execute(HttpCommandExecutor.java:158)
  org.openqa.selenium.remote.service.DriverCommandExecutor.execute(DriverCommandExecutor.java:83)
  org.openqa.selenium.remote.RemoteWebDriver.execute(RemoteWebDriver.java:545)
  org.openqa.selenium.remote.RemoteWebDriver.findElement(RemoteWebDriver.java:319)
  org.openqa.selenium.remote.RemoteWebDriver.findElementByXPath(RemoteWebDriver.java:421)
  org.openqa.selenium.By$ByXPath.findElement(By.java:361)
  org.openqa.selenium.remote.RemoteWebDriver.findElement(RemoteWebDriver.java:311)
  testBase.GroundFloor.clickElement(GroundFloor.java:142)
  caseOfTest.ScrapeData.scrapeData(ScrapeData.java:139)
  sun.reflect.GeneratedMethodAccessor37.invoke(Unknown Source)
  sun.reflect.DelegatingMethodAccessorImpl.invoke(Unknown Source)
  java.lang.reflect.Method.invoke(Unknown Source)
  org.testng.internal.MethodInvocationHelper.invokeMethod(MethodInvocationHelper.java:124)
  org.testng.internal.Invoker.invokeMethod(Invoker.java:580)
  org.testng.internal.Invoker.invokeTestMethod(Invoker.java:716)
  org.testng.internal.Invoker.invokeTestMethods(Invoker.java:988)
  org.testng.internal.TestMethodWorker.invokeTestMethods(TestMethodWorker.java:125)
  org.testng.internal.TestMethodWorker.run(TestMethodWorker.java:109)
  org.testng.TestRunner.privateRun(TestRunner.java:648)
  org.testng.TestRunner.run(TestRunner.java:505)
  org.testng.SuiteRunner.runTest(SuiteRunner.java:455)
  org.testng.SuiteRunner.runSequentially(SuiteRunner.java:450)
  org.testng.SuiteRunner.privateRun(SuiteRunner.java:415)
  org.testng.SuiteRunner.run(SuiteRunner.java:364)
  org.testng.SuiteRunnerWorker.runSuite(SuiteRunnerWorker.java:52)
  org.testng.SuiteRunnerWorker.run(SuiteRunnerWorker.java:84)
  org.testng.TestNG.runSuitesSequentially(TestNG.java:1208)
  org.testng.TestNG.runSuitesLocally(TestNG.java:1137)
  org.testng.TestNG.runSuites(TestNG.java:1049)
  org.testng.TestNG.run(TestNG.java:1017)
  org.testng.remote.AbstractRemoteTestNG.run(AbstractRemoteTestNG.java:114)
  org.testng.remote.RemoteTestNG.initAndRun(RemoteTestNG.java:251)
  org.testng.remote.RemoteTestNG.main(RemoteTestNG.java:77)
]]>
      </failure>

          </testcase>
  
            <testcase name="scrapeData" time="0.0" classname="caseOfTest.ScrapeData">
          <skipped />
    </testcase>
            <testcase name="scrapeData" time="0.0" classname="caseOfTest.ScrapeData">
          <skipped />
    </testcase>
            <testcase name="scrapeData" time="0.0" classname="caseOfTest.ScrapeData">
          <skipped />
    </testcase>
            <testcase name="scrapeData" time="0.0" classname="caseOfTest.ScrapeData">
          <skipped />
    </testcase>
            <testcase name="scrapeData" time="0.0" classname="caseOfTest.ScrapeData">
          <skipped />
    </testcase>
            <testcase name="scrapeData" time="0.0" classname="caseOfTest.ScrapeData">
          <skipped />
    </testcase>
            <testcase name="scrapeData" time="0.0" classname="caseOfTest.ScrapeData">
          <skipped />
    </testcase>
            <testcase name="scrapeData" time="0.0" classname="caseOfTest.ScrapeData">
          <skipped />
    </testcase>
            <testcase name="scrapeData" time="0.0" classname="caseOfTest.ScrapeData">
          <skipped />
    </testcase>
            <testcase name="scrapeData" time="0.0" classname="caseOfTest.ScrapeData">
          <skipped />
    </testcase>
            <testcase name="scrapeData" time="0.0" classname="caseOfTest.ScrapeData">
          <skipped />
    </testcase>
            <testcase name="scrapeData" time="0.0" classname="caseOfTest.ScrapeData">
          <skipped />
    </testcase>
            <testcase name="scrapeData" time="0.0" classname="caseOfTest.ScrapeData">
          <skipped />
    </testcase>
            <testcase name="scrapeData" time="0.0" classname="caseOfTest.ScrapeData">
          <skipped />
    </testcase>
            <testcase name="scrapeData" time="0.0" classname="caseOfTest.ScrapeData">
          <skipped />
    </testcase>
            <testcase name="scrapeData" time="0.0" classname="caseOfTest.ScrapeData">
          <skipped />
    </testcase>
            <testcase name="scrapeData" time="0.0" classname="caseOfTest.ScrapeData">
          <skipped />
    </testcase>
            <testcase name="scrapeData" time="0.0" classname="caseOfTest.ScrapeData">
          <skipped />
    </testcase>
            <testcase name="scrapeData" time="0.0" classname="caseOfTest.ScrapeData">
          <skipped />
    </testcase>
            <testcase name="scrapeData" time="0.0" classname="caseOfTest.ScrapeData">
          <skipped />
    </testcase>
            <testcase name="scrapeData" time="0.0" classname="caseOfTest.ScrapeData">
          <skipped />
    </testcase>
            <testcase name="scrapeData" time="0.0" classname="caseOfTest.ScrapeData">
          <skipped />
    </testcase>
            <testcase name="scrapeData" time="0.0" classname="caseOfTest.ScrapeData">
          <skipped />
    </testcase>
            <testcase name="scrapeData" time="0.0" classname="caseOfTest.ScrapeData">
          <skipped />
    </testcase>
            <testcase name="scrapeData" time="0.0" classname="caseOfTest.ScrapeData">
          <skipped />
    </testcase>
            <testcase name="scrapeData" time="0.0" classname="caseOfTest.ScrapeData">
          <skipped />
    </testcase>
            <testcase name="scrapeData" time="0.0" classname="caseOfTest.ScrapeData">
          <skipped />
    </testcase>
            <testcase name="scrapeData" time="0.0" classname="caseOfTest.ScrapeData">
          <skipped />
    </testcase>
            <testcase name="scrapeData" time="0.0" classname="caseOfTest.ScrapeData">
          <skipped />
    </testcase>
            <testcase name="scrapeData" time="0.0" classname="caseOfTest.ScrapeData">
          <skipped />
    </testcase>
            <testcase name="scrapeData" time="0.0" classname="caseOfTest.ScrapeData">
          <skipped />
    </testcase>
            <testcase name="scrapeData" time="0.0" classname="caseOfTest.ScrapeData">
          <skipped />
    </testcase>
            <testcase name="scrapeData" time="0.0" classname="caseOfTest.ScrapeData">
          <skipped />
    </testcase>
            <testcase name="scrapeData" time="0.0" classname="caseOfTest.ScrapeData">
          <skipped />
    </testcase>
            <testcase name="scrapeData" time="0.0" classname="caseOfTest.ScrapeData">
          <skipped />
    </testcase>
            <testcase name="scrapeData" time="0.0" classname="caseOfTest.ScrapeData">
          <skipped />
    </testcase>
            <testcase name="scrapeData" time="0.0" classname="caseOfTest.ScrapeData">
          <skipped />
    </testcase>
            <testcase name="scrapeData" time="0.0" classname="caseOfTest.ScrapeData">
          <skipped />
    </testcase>
            <testcase name="scrapeData" time="0.0" classname="caseOfTest.ScrapeData">
          <skipped />
    </testcase>
            <testcase name="scrapeData" time="0.0" classname="caseOfTest.ScrapeData">
          <skipped />
    </testcase>
            <testcase name="scrapeData" time="0.0" classname="caseOfTest.ScrapeData">
          <skipped />
    </testcase>
            <testcase name="scrapeData" time="0.0" classname="caseOfTest.ScrapeData">
          <skipped />
    </testcase>
            <testcase name="scrapeData" time="0.0" classname="caseOfTest.ScrapeData">
          <skipped />
    </testcase>
            <testcase name="scrapeData" time="0.0" classname="caseOfTest.ScrapeData">
          <skipped />
    </testcase>
            <testcase name="scrapeData" time="0.0" classname="caseOfTest.ScrapeData">
          <skipped />
    </testcase>
            <testcase name="scrapeData" time="0.0" classname="caseOfTest.ScrapeData">
          <skipped />
    </testcase>
            <testcase name="scrapeData" time="0.0" classname="caseOfTest.ScrapeData">
          <skipped />
    </testcase>
            <testcase name="scrapeData" time="0.0" classname="caseOfTest.ScrapeData">
          <skipped />
    </testcase>
            <testcase name="scrapeData" time="0.0" classname="caseOfTest.ScrapeData">
          <skipped />
    </testcase>
            <testcase name="scrapeData" time="0.0" classname="caseOfTest.ScrapeData">
          <skipped />
    </testcase>
            <testcase name="scrapeData" time="0.0" classname="caseOfTest.ScrapeData">
          <skipped />
    </testcase>
            <testcase name="scrapeData" time="0.0" classname="caseOfTest.ScrapeData">
          <skipped />
    </testcase>
            <testcase name="scrapeData" time="0.0" classname="caseOfTest.ScrapeData">
          <skipped />
    </testcase>
            <testcase name="scrapeData" time="0.0" classname="caseOfTest.ScrapeData">
          <skipped />
    </testcase>
            <testcase name="scrapeData" time="0.0" classname="caseOfTest.ScrapeData">
          <skipped />
    </testcase>
            <testcase name="scrapeData" time="0.0" classname="caseOfTest.ScrapeData">
          <skipped />
    </testcase>
            <testcase name="scrapeData" time="0.0" classname="caseOfTest.ScrapeData">
          <skipped />
    </testcase>
            <testcase name="scrapeData" time="0.0" classname="caseOfTest.ScrapeData">
          <skipped />
    </testcase>
            <testcase name="scrapeData" time="0.0" classname="caseOfTest.ScrapeData">
          <skipped />
    </testcase>
            <testcase name="scrapeData" time="0.0" classname="caseOfTest.ScrapeData">
          <skipped />
    </testcase>
            <testcase name="scrapeData" time="0.0" classname="caseOfTest.ScrapeData">
          <skipped />
    </testcase>
            <testcase name="scrapeData" time="0.0" classname="caseOfTest.ScrapeData">
          <skipped />
    </testcase>
            <testcase name="scrapeData" time="0.0" classname="caseOfTest.ScrapeData">
          <skipped />
    </testcase>
            <testcase name="scrapeData" time="0.0" classname="caseOfTest.ScrapeData">
          <skipped />
    </testcase>
            <testcase name="scrapeData" time="0.0" classname="caseOfTest.ScrapeData">
          <skipped />
    </testcase>
            <testcase name="scrapeData" time="0.0" classname="caseOfTest.ScrapeData">
          <skipped />
    </testcase>
            <testcase name="scrapeData" time="0.0" classname="caseOfTest.ScrapeData">
          <skipped />
    </testcase>
            <testcase name="scrapeData" time="0.0" classname="caseOfTest.ScrapeData">
          <skipped />
    </testcase>
            <testcase name="scrapeData" time="0.0" classname="caseOfTest.ScrapeData">
          <skipped />
    </testcase>
            <testcase name="scrapeData" time="0.0" classname="caseOfTest.ScrapeData">
          <skipped />
    </testcase>
            <testcase name="scrapeData" time="0.0" classname="caseOfTest.ScrapeData">
          <skipped />
    </testcase>
            <testcase name="scrapeData" time="0.0" classname="caseOfTest.ScrapeData">
          <skipped />
    </testcase>
            <testcase name="scrapeData" time="0.0" classname="caseOfTest.ScrapeData">
          <skipped />
    </testcase>
            <testcase name="scrapeData" time="0.0" classname="caseOfTest.ScrapeData">
          <skipped />
    </testcase>
            <testcase name="scrapeData" time="0.0" classname="caseOfTest.ScrapeData">
          <skipped />
    </testcase>
            <testcase name="scrapeData" time="0.0" classname="caseOfTest.ScrapeData">
          <skipped />
    </testcase>
            <testcase name="scrapeData" time="0.0" classname="caseOfTest.ScrapeData">
          <skipped />
    </testcase>
            <testcase name="scrapeData" time="0.0" classname="caseOfTest.ScrapeData">
          <skipped />
    </testcase>
            <testcase name="scrapeData" time="0.0" classname="caseOfTest.ScrapeData">
          <skipped />
    </testcase>
            <testcase name="scrapeData" time="0.0" classname="caseOfTest.ScrapeData">
          <skipped />
    </testcase>
            <testcase name="scrapeData" time="0.0" classname="caseOfTest.ScrapeData">
          <skipped />
    </testcase>
            <testcase name="scrapeData" time="0.0" classname="caseOfTest.ScrapeData">
          <skipped />
    </testcase>
            <testcase name="scrapeData" time="0.0" classname="caseOfTest.ScrapeData">
          <skipped />
    </testcase>
            <testcase name="scrapeData" time="0.0" classname="caseOfTest.ScrapeData">
          <skipped />
    </testcase>
            <testcase name="scrapeData" time="0.0" classname="caseOfTest.ScrapeData">
          <skipped />
    </testcase>
            <testcase name="scrapeData" time="0.0" classname="caseOfTest.ScrapeData">
          <skipped />
    </testcase>
            <testcase name="scrapeData" time="0.0" classname="caseOfTest.ScrapeData">
          <skipped />
    </testcase>
            <testcase name="scrapeData" time="0.0" classname="caseOfTest.ScrapeData">
          <skipped />
    </testcase>
            <testcase name="scrapeData" time="0.0" classname="caseOfTest.ScrapeData">
          <skipped />
    </testcase>
            <testcase name="scrapeData" time="0.0" classname="caseOfTest.ScrapeData">
          <skipped />
    </testcase>
            <testcase name="scrapeData" time="0.0" classname="caseOfTest.ScrapeData">
          <skipped />
    </testcase>
            <testcase name="scrapeData" time="0.0" classname="caseOfTest.ScrapeData">
          <skipped />
    </testcase>
            <testcase name="scrapeData" time="0.0" classname="caseOfTest.ScrapeData">
          <skipped />
    </testcase>
            <testcase name="scrapeData" time="0.0" classname="caseOfTest.ScrapeData">
          <skipped />
    </testcase>
            <testcase name="scrapeData" time="0.0" classname="caseOfTest.ScrapeData">
          <skipped />
    </testcase>
            <testcase name="scrapeData" time="0.0" classname="caseOfTest.ScrapeData">
          <skipped />
    </testcase>
            <testcase name="scrapeData" time="0.0" classname="caseOfTest.ScrapeData">
          <skipped />
    </testcase>
            <testcase name="scrapeData" time="0.0" classname="caseOfTest.ScrapeData">
          <skipped />
    </testcase>
            <testcase name="scrapeData" time="0.0" classname="caseOfTest.ScrapeData">
          <skipped />
    </testcase>
            <testcase name="scrapeData" time="0.0" classname="caseOfTest.ScrapeData">
          <skipped />
    </testcase>
            <testcase name="scrapeData" time="0.0" classname="caseOfTest.ScrapeData">
          <skipped />
    </testcase>
            <testcase name="scrapeData" time="0.0" classname="caseOfTest.ScrapeData">
          <skipped />
    </testcase>
            <testcase name="scrapeData" time="0.0" classname="caseOfTest.ScrapeData">
          <skipped />
    </testcase>
            <testcase name="scrapeData" time="0.0" classname="caseOfTest.ScrapeData">
          <skipped />
    </testcase>
            <testcase name="scrapeData" time="0.0" classname="caseOfTest.ScrapeData">
          <skipped />
    </testcase>
            <testcase name="scrapeData" time="0.0" classname="caseOfTest.ScrapeData">
          <skipped />
    </testcase>
            <testcase name="scrapeData" time="0.0" classname="caseOfTest.ScrapeData">
          <skipped />
    </testcase>
            <testcase name="scrapeData" time="0.0" classname="caseOfTest.ScrapeData">
          <skipped />
    </testcase>
            <testcase name="scrapeData" time="0.0" classname="caseOfTest.ScrapeData">
          <skipped />
    </testcase>
            <testcase name="scrapeData" time="0.0" classname="caseOfTest.ScrapeData">
          <skipped />
    </testcase>
            <testcase name="scrapeData" time="0.0" classname="caseOfTest.ScrapeData">
          <skipped />
    </testcase>
            <testcase name="scrapeData" time="0.0" classname="caseOfTest.ScrapeData">
          <skipped />
    </testcase>
            <testcase name="scrapeData" time="0.0" classname="caseOfTest.ScrapeData">
          <skipped />
    </testcase>
            <testcase name="scrapeData" time="0.0" classname="caseOfTest.ScrapeData">
          <skipped />
    </testcase>
            <testcase name="scrapeData" time="0.0" classname="caseOfTest.ScrapeData">
          <skipped />
    </testcase>
            <testcase name="scrapeData" time="0.0" classname="caseOfTest.ScrapeData">
          <skipped />
    </testcase>
            <testcase name="scrapeData" time="0.0" classname="caseOfTest.ScrapeData">
          <skipped />
    </testcase>
            <testcase name="scrapeData" time="0.0" classname="caseOfTest.ScrapeData">
          <skipped />
    </testcase>
            <testcase name="scrapeData" time="0.0" classname="caseOfTest.ScrapeData">
          <skipped />
    </testcase>
            <testcase name="scrapeData" time="0.0" classname="caseOfTest.ScrapeData">
          <skipped />
    </testcase>
            <testcase name="scrapeData" time="0.0" classname="caseOfTest.ScrapeData">
          <skipped />
    </testcase>
            <testcase name="scrapeData" time="0.0" classname="caseOfTest.ScrapeData">
          <skipped />
    </testcase>
            <testcase name="scrapeData" time="0.0" classname="caseOfTest.ScrapeData">
          <skipped />
    </testcase>
            <testcase name="scrapeData" time="0.0" classname="caseOfTest.ScrapeData">
          <skipped />
    </testcase>
            <testcase name="scrapeData" time="0.0" classname="caseOfTest.ScrapeData">
          <skipped />
    </testcase>
            <testcase name="scrapeData" time="0.0" classname="caseOfTest.ScrapeData">
          <skipped />
    </testcase>
            <testcase name="scrapeData" time="0.0" classname="caseOfTest.ScrapeData">
          <skipped />
    </testcase>
            <testcase name="scrapeData" time="0.0" classname="caseOfTest.ScrapeData">
          <skipped />
    </testcase>
            <testcase name="scrapeData" time="0.0" classname="caseOfTest.ScrapeData">
          <skipped />
    </testcase>
            <testcase name="scrapeData" time="0.0" classname="caseOfTest.ScrapeData">
          <skipped />
    </testcase>
            <testcase name="scrapeData" time="0.0" classname="caseOfTest.ScrapeData">
          <skipped />
    </testcase>
            <testcase name="scrapeData" time="0.0" classname="caseOfTest.ScrapeData">
          <skipped />
    </testcase>
            <testcase name="scrapeData" time="0.0" classname="caseOfTest.ScrapeData">
          <skipped />
    </testcase>
            <testcase name="scrapeData" time="0.0" classname="caseOfTest.ScrapeData">
          <skipped />
    </testcase>
            <testcase name="scrapeData" time="0.0" classname="caseOfTest.ScrapeData">
          <skipped />
    </testcase>
            <testcase name="scrapeData" time="0.0" classname="caseOfTest.ScrapeData">
          <skipped />
    </testcase>
            <testcase name="scrapeData" time="0.0" classname="caseOfTest.ScrapeData">
          <skipped />
    </testcase>
            <testcase name="scrapeData" time="0.0" classname="caseOfTest.ScrapeData">
          <skipped />
    </testcase>
            <testcase name="scrapeData" time="0.0" classname="caseOfTest.ScrapeData">
          <skipped />
    </testcase>
            <testcase name="scrapeData" time="0.0" classname="caseOfTest.ScrapeData">
          <skipped />
    </testcase>
            <testcase name="scrapeData" time="0.0" classname="caseOfTest.ScrapeData">
          <skipped />
    </testcase>
            <testcase name="scrapeData" time="0.0" classname="caseOfTest.ScrapeData">
          <skipped />
    </testcase>
            <testcase name="scrapeData" time="0.0" classname="caseOfTest.ScrapeData">
          <skipped />
    </testcase>
            <testcase name="scrapeData" time="0.0" classname="caseOfTest.ScrapeData">
          <skipped />
    </testcase>
            <testcase name="scrapeData" time="0.0" classname="caseOfTest.ScrapeData">
          <skipped />
    </testcase>
            <testcase name="scrapeData" time="0.0" classname="caseOfTest.ScrapeData">
          <skipped />
    </testcase>
            <testcase name="scrapeData" time="0.0" classname="caseOfTest.ScrapeData">
          <skipped />
    </testcase>
            <testcase name="scrapeData" time="0.0" classname="caseOfTest.ScrapeData">
          <skipped />
    </testcase>
            <testcase name="scrapeData" time="0.0" classname="caseOfTest.ScrapeData">
          <skipped />
    </testcase>
            <testcase name="scrapeData" time="0.0" classname="caseOfTest.ScrapeData">
          <skipped />
    </testcase>
  
            <testcase name="scrapeData" time="8.313" classname="caseOfTest.ScrapeData" />
                <testcase name="scrapeData" time="8.360" classname="caseOfTest.ScrapeData" />
                <testcase name="retrieveQuote" time="95.106" classname="caseOfTest.ScrapeData" />
                <testcase name="scrapeData" time="8.031" classname="caseOfTest.ScrapeData" />
                <testcase name="scrapeData" time="8.219" classname="caseOfTest.ScrapeData" />
                <testcase name="scrapeData" time="8.244" classname="caseOfTest.ScrapeData" />
                <testcase name="scrapeData" time="6.104" classname="caseOfTest.ScrapeData" />
                <testcase name="scrapeData" time="5.530" classname="caseOfTest.ScrapeData" />
                <testcase name="scrapeData" time="10.859" classname="caseOfTest.ScrapeData" />
                <testcase name="scrapeData" time="8.276" classname="caseOfTest.ScrapeData" />
                <testcase name="scrapeData" time="8.297" classname="caseOfTest.ScrapeData" />
                <testcase name="scrapeData" time="8.308" classname="caseOfTest.ScrapeData" />
                <testcase name="scrapeData" time="8.297" classname="caseOfTest.ScrapeData" />
                <testcase name="scrapeData" time="10.583" classname="caseOfTest.ScrapeData" />
                <testcase name="scrapeData" time="6.812" classname="caseOfTest.ScrapeData" />
                <testcase name="scrapeData" time="9.362" classname="caseOfTest.ScrapeData" />
                <testcase name="scrapeData" time="6.104" classname="caseOfTest.ScrapeData" />
                <testcase name="scrapeData" time="8.438" classname="caseOfTest.ScrapeData" />
                <testcase name="scrapeData" time="8.391" classname="caseOfTest.ScrapeData" />
                <testcase name="scrapeData" time="8.016" classname="caseOfTest.ScrapeData" />
                <testcase name="scrapeData" time="6.127" classname="caseOfTest.ScrapeData" />
                <testcase name="scrapeData" time="6.120" classname="caseOfTest.ScrapeData" />
                <testcase name="scrapeData" time="7.906" classname="caseOfTest.ScrapeData" />
                <testcase name="scrapeData" time="9.452" classname="caseOfTest.ScrapeData" />
                <testcase name="scrapeData" time="8.014" classname="caseOfTest.ScrapeData" />
                <testcase name="scrapeData" time="7.514" classname="caseOfTest.ScrapeData" />
                <testcase name="loginCheck" time="9.601" classname="caseOfTest.ScrapeData" />
                <testcase name="scrapeData" time="7.797" classname="caseOfTest.ScrapeData" />
                <testcase name="scrapeData" time="6.398" classname="caseOfTest.ScrapeData" />
                <testcase name="scrapeData" time="8.244" classname="caseOfTest.ScrapeData" />
                <testcase name="scrapeData" time="8.333" classname="caseOfTest.ScrapeData" />
                <testcase name="scrapeData" time="8.318" classname="caseOfTest.ScrapeData" />
                <testcase name="scrapeData" time="8.009" classname="caseOfTest.ScrapeData" />
                <testcase name="scrapeData" time="8.340" classname="caseOfTest.ScrapeData" />
                <testcase name="scrapeData" time="6.132" classname="caseOfTest.ScrapeData" />
                <testcase name="scrapeData" time="14.162" classname="caseOfTest.ScrapeData" />
                <testcase name="scrapeData" time="8.453" classname="caseOfTest.ScrapeData" />
                <testcase name="scrapeData" time="6.098" classname="caseOfTest.ScrapeData" />
                <testcase name="scrapeData" time="8.157" classname="caseOfTest.ScrapeData" />
                <testcase name="scrapeData" time="8.034" classname="caseOfTest.ScrapeData" />
                <testcase name="scrapeData" time="8.257" classname="caseOfTest.ScrapeData" />
                <testcase name="scrapeData" time="8.147" classname="caseOfTest.ScrapeData" />
                <testcase name="scrapeData" time="8.219" classname="caseOfTest.ScrapeData" />
                <testcase name="scrapeData" time="8.453" classname="caseOfTest.ScrapeData" />
                <testcase name="scrapeData" time="8.285" classname="caseOfTest.ScrapeData" />
                <testcase name="scrapeData" time="6.102" classname="caseOfTest.ScrapeData" />
                <testcase name="scrapeData" time="6.750" classname="caseOfTest.ScrapeData" />
                <testcase name="scrapeData" time="8.094" classname="caseOfTest.ScrapeData" />
                <testcase name="scrapeData" time="11.264" classname="caseOfTest.ScrapeData" />
                <testcase name="scrapeData" time="8.250" classname="caseOfTest.ScrapeData" />
                <testcase name="scrapeData" time="7.065" classname="caseOfTest.ScrapeData" />
                <testcase name="scrapeData" time="8.205" classname="caseOfTest.ScrapeData" />
                <testcase name="scrapeData" time="7.948" classname="caseOfTest.ScrapeData" />
                <testcase name="scrapeData" time="8.331" classname="caseOfTest.ScrapeData" />
                <testcase name="scrapeData" time="8.252" classname="caseOfTest.ScrapeData" />
                <testcase name="scrapeData" time="8.001" classname="caseOfTest.ScrapeData" />
                <testcase name="scrapeData" time="8.188" classname="caseOfTest.ScrapeData" />
                <testcase name="scrapeData" time="8.253" classname="caseOfTest.ScrapeData" />
                <testcase name="scrapeData" time="9.813" classname="caseOfTest.ScrapeData" />
                <testcase name="scrapeData" time="10.523" classname="caseOfTest.ScrapeData" />
                <testcase name="scrapeData" time="8.187" classname="caseOfTest.ScrapeData" />
                <testcase name="scrapeData" time="8.460" classname="caseOfTest.ScrapeData" />
                <testcase name="scrapeData" time="8.297" classname="caseOfTest.ScrapeData" />
                <testcase name="scrapeData" time="13.018" classname="caseOfTest.ScrapeData" />
                <testcase name="scrapeData" time="11.938" classname="caseOfTest.ScrapeData" />
                <testcase name="scrapeData" time="6.139" classname="caseOfTest.ScrapeData" />
                <testcase name="scrapeData" time="6.100" classname="caseOfTest.ScrapeData" />
                <testcase name="scrapeData" time="6.151" classname="caseOfTest.ScrapeData" />
                <testcase name="scrapeData" time="6.084" classname="caseOfTest.ScrapeData" />
                <testcase name="scrapeData" time="8.328" classname="caseOfTest.ScrapeData" />
                <testcase name="scrapeData" time="7.740" classname="caseOfTest.ScrapeData" />
                <testcase name="scrapeData" time="8.341" classname="caseOfTest.ScrapeData" />
                <testcase name="scrapeData" time="8.594" classname="caseOfTest.ScrapeData" />
                <testcase name="scrapeData" time="6.114" classname="caseOfTest.ScrapeData" />
                <testcase name="scrapeData" time="8.446" classname="caseOfTest.ScrapeData" />
                <testcase name="scrapeData" time="8.031" classname="caseOfTest.ScrapeData" />
                <testcase name="scrapeData" time="8.274" classname="caseOfTest.ScrapeData" />
                <testcase name="scrapeData" time="8.235" classname="caseOfTest.ScrapeData" />
                <testcase name="scrapeData" time="8.250" classname="caseOfTest.ScrapeData" />
                <testcase name="scrapeData" time="8.376" classname="caseOfTest.ScrapeData" />
                <testcase name="scrapeData" time="6.115" classname="caseOfTest.ScrapeData" />
                <testcase name="scrapeData" time="6.907" classname="caseOfTest.ScrapeData" />
                <testcase name="scrapeData" time="8.283" classname="caseOfTest.ScrapeData" />
      
</testsuite>
