<?xml version="1.0" encoding="UTF-8"?>
<testsuite name="LoginTest"
           tests="6"
           failures="0"
           errors="0"
           skipped="2"
           time="67.665">
  <properties />
  
            <testcase name="createQuoteWithData" time="0.0" classname="caseOfTest.LoginTest">
          <skipped />
    </testcase>
            <testcase name="createQuoteWithData" time="0.0" classname="caseOfTest.LoginTest">
          <skipped />
    </testcase>
  
            <testcase name="createQuoteWithData" time="10.509" classname="caseOfTest.LoginTest" />
                <testcase name="createQuoteWithData" time="4.157" classname="caseOfTest.LoginTest" />
                <testcase name="loginCheck" time="10.139" classname="caseOfTest.LoginTest" />
                <testcase name="openCreateQuote" time="42.845" classname="caseOfTest.LoginTest" />
      
</testsuite>
