<?xml version="1.0" encoding="UTF-8"?>
<testsuite name="Test"
           tests="563"
           failures="3"
           errors="0"
           skipped="365"
           time="2632.089">
  <properties />
            <testcase name="scrapeData" time="47.109" classname="caseOfTest.ScrapeData">
                <failure type="java.lang.OutOfMemoryError"
                  message="GC overhead limit exceeded"
              >
<![CDATA[java.lang.OutOfMemoryError: GC overhead limit exceeded
  com.sun.org.apache.xerces.internal.dom.DeferredDocumentImpl.getNodeObject(Unknown Source)
  com.sun.org.apache.xerces.internal.dom.DeferredElementNSImpl.synchronizeData(Unknown Source)
  com.sun.org.apache.xerces.internal.dom.ElementNSImpl.getNamespaceURI(Unknown Source)
  org.apache.xmlbeans.impl.store.Locale.loadNode(Locale.java:1420)
  org.apache.xmlbeans.impl.store.Locale.loadNodeChildren(Locale.java:1403)
  org.apache.xmlbeans.impl.store.Locale.loadNode(Locale.java:1445)
  org.apache.xmlbeans.impl.store.Locale.loadNodeChildren(Locale.java:1403)
  org.apache.xmlbeans.impl.store.Locale.loadNode(Locale.java:1445)
  org.apache.xmlbeans.impl.store.Locale.loadNodeChildren(Locale.java:1403)
  org.apache.xmlbeans.impl.store.Locale.loadNode(Locale.java:1445)
  org.apache.xmlbeans.impl.store.Locale.parseToXmlObject(Locale.java:1385)
  org.apache.xmlbeans.impl.store.Locale.parseToXmlObject(Locale.java:1370)
  org.apache.xmlbeans.impl.schema.SchemaTypeLoaderBase.parse(SchemaTypeLoaderBase.java:370)
  org.apache.poi.POIXMLTypeLoader.parse(POIXMLTypeLoader.java:164)
  org.openxmlformats.schemas.spreadsheetml.x2006.main.WorksheetDocument$Factory.parse(Unknown Source)
  org.apache.poi.xssf.usermodel.XSSFSheet.read(XSSFSheet.java:226)
  org.apache.poi.xssf.usermodel.XSSFSheet.onDocumentRead(XSSFSheet.java:218)
  org.apache.poi.xssf.usermodel.XSSFWorkbook.parseSheet(XSSFWorkbook.java:443)
  org.apache.poi.xssf.usermodel.XSSFWorkbook.onDocumentRead(XSSFWorkbook.java:408)
  org.apache.poi.POIXMLDocument.load(POIXMLDocument.java:169)
  org.apache.poi.xssf.usermodel.XSSFWorkbook.<init>(XSSFWorkbook.java:300)
  utilities.ExcelReader.setCellData(ExcelReader.java:177)
  caseOfTest.ScrapeData.scrapeData(ScrapeData.java:153)
  sun.reflect.GeneratedMethodAccessor37.invoke(Unknown Source)
  sun.reflect.DelegatingMethodAccessorImpl.invoke(Unknown Source)
  java.lang.reflect.Method.invoke(Unknown Source)
  org.testng.internal.MethodInvocationHelper.invokeMethod(MethodInvocationHelper.java:124)
  org.testng.internal.Invoker.invokeMethod(Invoker.java:580)
  org.testng.internal.Invoker.invokeTestMethod(Invoker.java:716)
  org.testng.internal.Invoker.invokeTestMethods(Invoker.java:988)
  org.testng.internal.TestMethodWorker.invokeTestMethods(TestMethodWorker.java:125)
  org.testng.internal.TestMethodWorker.run(TestMethodWorker.java:109)
]]>
      </failure>

          </testcase>
            <testcase name="scrapeData" time="0.017" classname="caseOfTest.ScrapeData">
                <failure type="org.openqa.selenium.InvalidSelectorException"
                  message="invalid selector: Unable to locate an element with the xpath expression r column 559 does not exist  in xls because of the following error:
SyntaxError: Failed to execute &apos;evaluate&apos; on &apos;Document&apos;: The string &apos;r column 559 does not exist  in xls&apos; is not a valid XPath expression.
  (Session info: chrome=66.0.3359.170)
  (Driver info: chromedriver=2.36.540470 (e522d04694c7ebea4ba8821272dbef4f9b818c91),platform=Windows NT 10.0.14393 x86_64) (WARNING: The server did not provide any stacktrace information)
Command duration or timeout: 0 milliseconds
For documentation on this error, please visit: http://seleniumhq.org/exceptions/invalid_selector_exception.html
Build info: version: &apos;3.11.0&apos;, revision: &apos;e59cfb3&apos;, time: &apos;2018-03-11T20:26:55.152Z&apos;
System info: host: &apos;DA16010730&apos;, ip: &apos;135.123.149.49&apos;, os.name: &apos;Windows 10&apos;, os.arch: &apos;amd64&apos;, os.version: &apos;10.0&apos;, java.version: &apos;1.8.0_92&apos;
Driver info: org.openqa.selenium.chrome.ChromeDriver
Capabilities {acceptInsecureCerts: false, acceptSslCerts: false, applicationCacheEnabled: false, browserConnectionEnabled: false, browserName: chrome, chrome: {chromedriverVersion: 2.36.540470 (e522d04694c7eb..., userDataDir: C:\Users\HSWARO~1\AppData\L...}, cssSelectorsEnabled: true, databaseEnabled: false, handlesAlerts: true, hasTouchScreen: false, javascriptEnabled: true, locationContextEnabled: true, mobileEmulationEnabled: false, nativeEvents: true, networkConnectionEnabled: false, pageLoadStrategy: normal, platform: XP, platformName: XP, rotatable: false, setWindowRect: true, takesHeapSnapshot: true, takesScreenshot: true, unexpectedAlertBehaviour: , unhandledPromptBehavior: , version: 66.0.3359.170, webStorageEnabled: true}
Session ID: 25beb0dfaf2dd748cf4f075145ce658c
*** Element info: {Using=xpath, value=r column 559 does not exist  in xls}"
              >
<![CDATA[org.openqa.selenium.InvalidSelectorException: invalid selector: Unable to locate an element with the xpath expression r column 559 does not exist  in xls because of the following error:
SyntaxError: Failed to execute 'evaluate' on 'Document': The string 'r column 559 does not exist  in xls' is not a valid XPath expression.
  (Session info: chrome=66.0.3359.170)
  (Driver info: chromedriver=2.36.540470 (e522d04694c7ebea4ba8821272dbef4f9b818c91),platform=Windows NT 10.0.14393 x86_64) (WARNING: The server did not provide any stacktrace information)
Command duration or timeout: 0 milliseconds
For documentation on this error, please visit: http://seleniumhq.org/exceptions/invalid_selector_exception.html
Build info: version: '3.11.0', revision: 'e59cfb3', time: '2018-03-11T20:26:55.152Z'
System info: host: 'DA16010730', ip: '135.123.149.49', os.name: 'Windows 10', os.arch: 'amd64', os.version: '10.0', java.version: '1.8.0_92'
Driver info: org.openqa.selenium.chrome.ChromeDriver
Capabilities {acceptInsecureCerts: false, acceptSslCerts: false, applicationCacheEnabled: false, browserConnectionEnabled: false, browserName: chrome, chrome: {chromedriverVersion: 2.36.540470 (e522d04694c7eb..., userDataDir: C:\Users\HSWARO~1\AppData\L...}, cssSelectorsEnabled: true, databaseEnabled: false, handlesAlerts: true, hasTouchScreen: false, javascriptEnabled: true, locationContextEnabled: true, mobileEmulationEnabled: false, nativeEvents: true, networkConnectionEnabled: false, pageLoadStrategy: normal, platform: XP, platformName: XP, rotatable: false, setWindowRect: true, takesHeapSnapshot: true, takesScreenshot: true, unexpectedAlertBehaviour: , unhandledPromptBehavior: , version: 66.0.3359.170, webStorageEnabled: true}
Session ID: 25beb0dfaf2dd748cf4f075145ce658c
*** Element info: {Using=xpath, value=r column 559 does not exist  in xls}
  sun.reflect.NativeConstructorAccessorImpl.newInstance0(Native Method)
  sun.reflect.NativeConstructorAccessorImpl.newInstance(Unknown Source)
  sun.reflect.DelegatingConstructorAccessorImpl.newInstance(Unknown Source)
  java.lang.reflect.Constructor.newInstance(Unknown Source)
  org.openqa.selenium.remote.ErrorHandler.createThrowable(ErrorHandler.java:214)
  org.openqa.selenium.remote.ErrorHandler.throwIfResponseFailed(ErrorHandler.java:166)
  org.openqa.selenium.remote.http.JsonHttpResponseCodec.reconstructValue(JsonHttpResponseCodec.java:40)
  org.openqa.selenium.remote.http.AbstractHttpResponseCodec.decode(AbstractHttpResponseCodec.java:80)
  org.openqa.selenium.remote.http.AbstractHttpResponseCodec.decode(AbstractHttpResponseCodec.java:44)
  org.openqa.selenium.remote.HttpCommandExecutor.execute(HttpCommandExecutor.java:158)
  org.openqa.selenium.remote.service.DriverCommandExecutor.execute(DriverCommandExecutor.java:83)
  org.openqa.selenium.remote.RemoteWebDriver.execute(RemoteWebDriver.java:545)
  org.openqa.selenium.remote.RemoteWebDriver.findElement(RemoteWebDriver.java:319)
  org.openqa.selenium.remote.RemoteWebDriver.findElementByXPath(RemoteWebDriver.java:421)
  org.openqa.selenium.By$ByXPath.findElement(By.java:361)
  org.openqa.selenium.remote.RemoteWebDriver.findElement(RemoteWebDriver.java:311)
  testBase.GroundFloor.clickElement(GroundFloor.java:142)
  caseOfTest.ScrapeData.scrapeData(ScrapeData.java:138)
  sun.reflect.GeneratedMethodAccessor37.invoke(Unknown Source)
  sun.reflect.DelegatingMethodAccessorImpl.invoke(Unknown Source)
  java.lang.reflect.Method.invoke(Unknown Source)
  org.testng.internal.MethodInvocationHelper.invokeMethod(MethodInvocationHelper.java:124)
  org.testng.internal.Invoker.invokeMethod(Invoker.java:580)
  org.testng.internal.Invoker.invokeTestMethod(Invoker.java:716)
  org.testng.internal.Invoker.invokeTestMethods(Invoker.java:988)
  org.testng.internal.TestMethodWorker.invokeTestMethods(TestMethodWorker.java:125)
  org.testng.internal.TestMethodWorker.run(TestMethodWorker.java:109)
  org.testng.TestRunner.privateRun(TestRunner.java:648)
  org.testng.TestRunner.run(TestRunner.java:505)
  org.testng.SuiteRunner.runTest(SuiteRunner.java:455)
  org.testng.SuiteRunner.runSequentially(SuiteRunner.java:450)
  org.testng.SuiteRunner.privateRun(SuiteRunner.java:415)
  org.testng.SuiteRunner.run(SuiteRunner.java:364)
  org.testng.SuiteRunnerWorker.runSuite(SuiteRunnerWorker.java:52)
  org.testng.SuiteRunnerWorker.run(SuiteRunnerWorker.java:84)
  org.testng.TestNG.runSuitesSequentially(TestNG.java:1208)
  org.testng.TestNG.runSuitesLocally(TestNG.java:1137)
  org.testng.TestNG.runSuites(TestNG.java:1049)
  org.testng.TestNG.run(TestNG.java:1017)
  org.testng.remote.AbstractRemoteTestNG.run(AbstractRemoteTestNG.java:114)
  org.testng.remote.RemoteTestNG.initAndRun(RemoteTestNG.java:251)
  org.testng.remote.RemoteTestNG.main(RemoteTestNG.java:77)
]]>
      </failure>

          </testcase>
            <testcase name="scrapeData" time="30.060" classname="caseOfTest.ScrapeData">
                <failure type="org.openqa.selenium.NoSuchElementException"
                  message="no such element: Unable to locate element: {&quot;method&quot;:&quot;xpath&quot;,&quot;selector&quot;:&quot;//div[contains(text(),&apos;Existing Options &apos;)][contains(@class,&apos;clr&apos;)]&quot;}
  (Session info: chrome=66.0.3359.170)
  (Driver info: chromedriver=2.36.540470 (e522d04694c7ebea4ba8821272dbef4f9b818c91),platform=Windows NT 10.0.14393 x86_64) (WARNING: The server did not provide any stacktrace information)
Command duration or timeout: 0 milliseconds
For documentation on this error, please visit: http://seleniumhq.org/exceptions/no_such_element.html
Build info: version: &apos;3.11.0&apos;, revision: &apos;e59cfb3&apos;, time: &apos;2018-03-11T20:26:55.152Z&apos;
System info: host: &apos;DA16010730&apos;, ip: &apos;135.123.149.49&apos;, os.name: &apos;Windows 10&apos;, os.arch: &apos;amd64&apos;, os.version: &apos;10.0&apos;, java.version: &apos;1.8.0_92&apos;
Driver info: org.openqa.selenium.chrome.ChromeDriver
Capabilities {acceptInsecureCerts: false, acceptSslCerts: false, applicationCacheEnabled: false, browserConnectionEnabled: false, browserName: chrome, chrome: {chromedriverVersion: 2.36.540470 (e522d04694c7eb..., userDataDir: C:\Users\HSWARO~1\AppData\L...}, cssSelectorsEnabled: true, databaseEnabled: false, handlesAlerts: true, hasTouchScreen: false, javascriptEnabled: true, locationContextEnabled: true, mobileEmulationEnabled: false, nativeEvents: true, networkConnectionEnabled: false, pageLoadStrategy: normal, platform: XP, platformName: XP, rotatable: false, setWindowRect: true, takesHeapSnapshot: true, takesScreenshot: true, unexpectedAlertBehaviour: , unhandledPromptBehavior: , version: 66.0.3359.170, webStorageEnabled: true}
Session ID: 25beb0dfaf2dd748cf4f075145ce658c
*** Element info: {Using=xpath, value=//div[contains(text(),&apos;Existing Options &apos;)][contains(@class,&apos;clr&apos;)]}"
              >
<![CDATA[org.openqa.selenium.NoSuchElementException: no such element: Unable to locate element: {"method":"xpath","selector":"//div[contains(text(),'Existing Options ')][contains(@class,'clr')]"}
  (Session info: chrome=66.0.3359.170)
  (Driver info: chromedriver=2.36.540470 (e522d04694c7ebea4ba8821272dbef4f9b818c91),platform=Windows NT 10.0.14393 x86_64) (WARNING: The server did not provide any stacktrace information)
Command duration or timeout: 0 milliseconds
For documentation on this error, please visit: http://seleniumhq.org/exceptions/no_such_element.html
Build info: version: '3.11.0', revision: 'e59cfb3', time: '2018-03-11T20:26:55.152Z'
System info: host: 'DA16010730', ip: '135.123.149.49', os.name: 'Windows 10', os.arch: 'amd64', os.version: '10.0', java.version: '1.8.0_92'
Driver info: org.openqa.selenium.chrome.ChromeDriver
Capabilities {acceptInsecureCerts: false, acceptSslCerts: false, applicationCacheEnabled: false, browserConnectionEnabled: false, browserName: chrome, chrome: {chromedriverVersion: 2.36.540470 (e522d04694c7eb..., userDataDir: C:\Users\HSWARO~1\AppData\L...}, cssSelectorsEnabled: true, databaseEnabled: false, handlesAlerts: true, hasTouchScreen: false, javascriptEnabled: true, locationContextEnabled: true, mobileEmulationEnabled: false, nativeEvents: true, networkConnectionEnabled: false, pageLoadStrategy: normal, platform: XP, platformName: XP, rotatable: false, setWindowRect: true, takesHeapSnapshot: true, takesScreenshot: true, unexpectedAlertBehaviour: , unhandledPromptBehavior: , version: 66.0.3359.170, webStorageEnabled: true}
Session ID: 25beb0dfaf2dd748cf4f075145ce658c
*** Element info: {Using=xpath, value=//div[contains(text(),'Existing Options ')][contains(@class,'clr')]}
  sun.reflect.NativeConstructorAccessorImpl.newInstance0(Native Method)
  sun.reflect.NativeConstructorAccessorImpl.newInstance(Unknown Source)
  sun.reflect.DelegatingConstructorAccessorImpl.newInstance(Unknown Source)
  java.lang.reflect.Constructor.newInstance(Unknown Source)
  org.openqa.selenium.remote.ErrorHandler.createThrowable(ErrorHandler.java:214)
  org.openqa.selenium.remote.ErrorHandler.throwIfResponseFailed(ErrorHandler.java:166)
  org.openqa.selenium.remote.http.JsonHttpResponseCodec.reconstructValue(JsonHttpResponseCodec.java:40)
  org.openqa.selenium.remote.http.AbstractHttpResponseCodec.decode(AbstractHttpResponseCodec.java:80)
  org.openqa.selenium.remote.http.AbstractHttpResponseCodec.decode(AbstractHttpResponseCodec.java:44)
  org.openqa.selenium.remote.HttpCommandExecutor.execute(HttpCommandExecutor.java:158)
  org.openqa.selenium.remote.service.DriverCommandExecutor.execute(DriverCommandExecutor.java:83)
  org.openqa.selenium.remote.RemoteWebDriver.execute(RemoteWebDriver.java:545)
  org.openqa.selenium.remote.RemoteWebDriver.findElement(RemoteWebDriver.java:319)
  org.openqa.selenium.remote.RemoteWebDriver.findElementByXPath(RemoteWebDriver.java:421)
  org.openqa.selenium.By$ByXPath.findElement(By.java:361)
  org.openqa.selenium.remote.RemoteWebDriver.findElement(RemoteWebDriver.java:311)
  testBase.GroundFloor.clickElement(GroundFloor.java:142)
  caseOfTest.ScrapeData.scrapeData(ScrapeData.java:138)
  sun.reflect.GeneratedMethodAccessor37.invoke(Unknown Source)
  sun.reflect.DelegatingMethodAccessorImpl.invoke(Unknown Source)
  java.lang.reflect.Method.invoke(Unknown Source)
  org.testng.internal.MethodInvocationHelper.invokeMethod(MethodInvocationHelper.java:124)
  org.testng.internal.Invoker.invokeMethod(Invoker.java:580)
  org.testng.internal.Invoker.invokeTestMethod(Invoker.java:716)
  org.testng.internal.Invoker.invokeTestMethods(Invoker.java:988)
  org.testng.internal.TestMethodWorker.invokeTestMethods(TestMethodWorker.java:125)
  org.testng.internal.TestMethodWorker.run(TestMethodWorker.java:109)
  org.testng.TestRunner.privateRun(TestRunner.java:648)
  org.testng.TestRunner.run(TestRunner.java:505)
  org.testng.SuiteRunner.runTest(SuiteRunner.java:455)
  org.testng.SuiteRunner.runSequentially(SuiteRunner.java:450)
  org.testng.SuiteRunner.privateRun(SuiteRunner.java:415)
  org.testng.SuiteRunner.run(SuiteRunner.java:364)
  org.testng.SuiteRunnerWorker.runSuite(SuiteRunnerWorker.java:52)
  org.testng.SuiteRunnerWorker.run(SuiteRunnerWorker.java:84)
  org.testng.TestNG.runSuitesSequentially(TestNG.java:1208)
  org.testng.TestNG.runSuitesLocally(TestNG.java:1137)
  org.testng.TestNG.runSuites(TestNG.java:1049)
  org.testng.TestNG.run(TestNG.java:1017)
  org.testng.remote.AbstractRemoteTestNG.run(AbstractRemoteTestNG.java:114)
  org.testng.remote.RemoteTestNG.initAndRun(RemoteTestNG.java:251)
  org.testng.remote.RemoteTestNG.main(RemoteTestNG.java:77)
]]>
      </failure>

          </testcase>
  
            <testcase name="scrapeData" time="0.0" classname="caseOfTest.ScrapeData">
          <skipped />
    </testcase>
            <testcase name="scrapeData" time="0.0" classname="caseOfTest.ScrapeData">
          <skipped />
    </testcase>
            <testcase name="scrapeData" time="0.0" classname="caseOfTest.ScrapeData">
          <skipped />
    </testcase>
            <testcase name="scrapeData" time="0.0" classname="caseOfTest.ScrapeData">
          <skipped />
    </testcase>
            <testcase name="scrapeData" time="0.0" classname="caseOfTest.ScrapeData">
          <skipped />
    </testcase>
            <testcase name="scrapeData" time="0.0" classname="caseOfTest.ScrapeData">
          <skipped />
    </testcase>
            <testcase name="scrapeData" time="0.0" classname="caseOfTest.ScrapeData">
          <skipped />
    </testcase>
            <testcase name="scrapeData" time="0.0" classname="caseOfTest.ScrapeData">
          <skipped />
    </testcase>
            <testcase name="scrapeData" time="0.0" classname="caseOfTest.ScrapeData">
          <skipped />
    </testcase>
            <testcase name="scrapeData" time="0.0" classname="caseOfTest.ScrapeData">
          <skipped />
    </testcase>
            <testcase name="scrapeData" time="0.0" classname="caseOfTest.ScrapeData">
          <skipped />
    </testcase>
            <testcase name="scrapeData" time="0.0" classname="caseOfTest.ScrapeData">
          <skipped />
    </testcase>
            <testcase name="scrapeData" time="0.0" classname="caseOfTest.ScrapeData">
          <skipped />
    </testcase>
            <testcase name="scrapeData" time="0.0" classname="caseOfTest.ScrapeData">
          <skipped />
    </testcase>
            <testcase name="scrapeData" time="0.0" classname="caseOfTest.ScrapeData">
          <skipped />
    </testcase>
            <testcase name="scrapeData" time="0.0" classname="caseOfTest.ScrapeData">
          <skipped />
    </testcase>
            <testcase name="scrapeData" time="0.0" classname="caseOfTest.ScrapeData">
          <skipped />
    </testcase>
            <testcase name="scrapeData" time="0.0" classname="caseOfTest.ScrapeData">
          <skipped />
    </testcase>
            <testcase name="scrapeData" time="0.0" classname="caseOfTest.ScrapeData">
          <skipped />
    </testcase>
            <testcase name="scrapeData" time="0.0" classname="caseOfTest.ScrapeData">
          <skipped />
    </testcase>
            <testcase name="scrapeData" time="0.0" classname="caseOfTest.ScrapeData">
          <skipped />
    </testcase>
            <testcase name="scrapeData" time="0.0" classname="caseOfTest.ScrapeData">
          <skipped />
    </testcase>
            <testcase name="scrapeData" time="0.0" classname="caseOfTest.ScrapeData">
          <skipped />
    </testcase>
            <testcase name="scrapeData" time="0.0" classname="caseOfTest.ScrapeData">
          <skipped />
    </testcase>
            <testcase name="scrapeData" time="0.0" classname="caseOfTest.ScrapeData">
          <skipped />
    </testcase>
            <testcase name="scrapeData" time="0.0" classname="caseOfTest.ScrapeData">
          <skipped />
    </testcase>
            <testcase name="scrapeData" time="0.0" classname="caseOfTest.ScrapeData">
          <skipped />
    </testcase>
            <testcase name="scrapeData" time="0.0" classname="caseOfTest.ScrapeData">
          <skipped />
    </testcase>
            <testcase name="scrapeData" time="0.0" classname="caseOfTest.ScrapeData">
          <skipped />
    </testcase>
            <testcase name="scrapeData" time="0.0" classname="caseOfTest.ScrapeData">
          <skipped />
    </testcase>
            <testcase name="scrapeData" time="0.0" classname="caseOfTest.ScrapeData">
          <skipped />
    </testcase>
            <testcase name="scrapeData" time="0.0" classname="caseOfTest.ScrapeData">
          <skipped />
    </testcase>
            <testcase name="scrapeData" time="0.0" classname="caseOfTest.ScrapeData">
          <skipped />
    </testcase>
            <testcase name="scrapeData" time="0.0" classname="caseOfTest.ScrapeData">
          <skipped />
    </testcase>
            <testcase name="scrapeData" time="0.0" classname="caseOfTest.ScrapeData">
          <skipped />
    </testcase>
            <testcase name="scrapeData" time="0.0" classname="caseOfTest.ScrapeData">
          <skipped />
    </testcase>
            <testcase name="scrapeData" time="0.0" classname="caseOfTest.ScrapeData">
          <skipped />
    </testcase>
            <testcase name="scrapeData" time="0.0" classname="caseOfTest.ScrapeData">
          <skipped />
    </testcase>
            <testcase name="scrapeData" time="0.0" classname="caseOfTest.ScrapeData">
          <skipped />
    </testcase>
            <testcase name="scrapeData" time="0.0" classname="caseOfTest.ScrapeData">
          <skipped />
    </testcase>
            <testcase name="scrapeData" time="0.0" classname="caseOfTest.ScrapeData">
          <skipped />
    </testcase>
            <testcase name="scrapeData" time="0.0" classname="caseOfTest.ScrapeData">
          <skipped />
    </testcase>
            <testcase name="scrapeData" time="0.0" classname="caseOfTest.ScrapeData">
          <skipped />
    </testcase>
            <testcase name="scrapeData" time="0.0" classname="caseOfTest.ScrapeData">
          <skipped />
    </testcase>
            <testcase name="scrapeData" time="0.0" classname="caseOfTest.ScrapeData">
          <skipped />
    </testcase>
            <testcase name="scrapeData" time="0.0" classname="caseOfTest.ScrapeData">
          <skipped />
    </testcase>
            <testcase name="scrapeData" time="0.0" classname="caseOfTest.ScrapeData">
          <skipped />
    </testcase>
            <testcase name="scrapeData" time="0.0" classname="caseOfTest.ScrapeData">
          <skipped />
    </testcase>
            <testcase name="scrapeData" time="0.0" classname="caseOfTest.ScrapeData">
          <skipped />
    </testcase>
            <testcase name="scrapeData" time="0.0" classname="caseOfTest.ScrapeData">
          <skipped />
    </testcase>
            <testcase name="scrapeData" time="0.0" classname="caseOfTest.ScrapeData">
          <skipped />
    </testcase>
            <testcase name="scrapeData" time="0.0" classname="caseOfTest.ScrapeData">
          <skipped />
    </testcase>
            <testcase name="scrapeData" time="0.0" classname="caseOfTest.ScrapeData">
          <skipped />
    </testcase>
            <testcase name="scrapeData" time="0.0" classname="caseOfTest.ScrapeData">
          <skipped />
    </testcase>
            <testcase name="scrapeData" time="0.0" classname="caseOfTest.ScrapeData">
          <skipped />
    </testcase>
            <testcase name="scrapeData" time="0.0" classname="caseOfTest.ScrapeData">
          <skipped />
    </testcase>
            <testcase name="scrapeData" time="0.0" classname="caseOfTest.ScrapeData">
          <skipped />
    </testcase>
            <testcase name="scrapeData" time="0.0" classname="caseOfTest.ScrapeData">
          <skipped />
    </testcase>
            <testcase name="scrapeData" time="0.0" classname="caseOfTest.ScrapeData">
          <skipped />
    </testcase>
            <testcase name="scrapeData" time="0.0" classname="caseOfTest.ScrapeData">
          <skipped />
    </testcase>
            <testcase name="scrapeData" time="0.0" classname="caseOfTest.ScrapeData">
          <skipped />
    </testcase>
            <testcase name="scrapeData" time="0.0" classname="caseOfTest.ScrapeData">
          <skipped />
    </testcase>
            <testcase name="scrapeData" time="0.0" classname="caseOfTest.ScrapeData">
          <skipped />
    </testcase>
            <testcase name="scrapeData" time="0.0" classname="caseOfTest.ScrapeData">
          <skipped />
    </testcase>
            <testcase name="scrapeData" time="0.0" classname="caseOfTest.ScrapeData">
          <skipped />
    </testcase>
            <testcase name="scrapeData" time="0.0" classname="caseOfTest.ScrapeData">
          <skipped />
    </testcase>
            <testcase name="scrapeData" time="0.0" classname="caseOfTest.ScrapeData">
          <skipped />
    </testcase>
            <testcase name="scrapeData" time="0.0" classname="caseOfTest.ScrapeData">
          <skipped />
    </testcase>
            <testcase name="scrapeData" time="0.0" classname="caseOfTest.ScrapeData">
          <skipped />
    </testcase>
            <testcase name="scrapeData" time="0.0" classname="caseOfTest.ScrapeData">
          <skipped />
    </testcase>
            <testcase name="scrapeData" time="0.0" classname="caseOfTest.ScrapeData">
          <skipped />
    </testcase>
            <testcase name="scrapeData" time="0.0" classname="caseOfTest.ScrapeData">
          <skipped />
    </testcase>
            <testcase name="scrapeData" time="0.0" classname="caseOfTest.ScrapeData">
          <skipped />
    </testcase>
            <testcase name="scrapeData" time="0.0" classname="caseOfTest.ScrapeData">
          <skipped />
    </testcase>
            <testcase name="scrapeData" time="0.0" classname="caseOfTest.ScrapeData">
          <skipped />
    </testcase>
            <testcase name="scrapeData" time="0.0" classname="caseOfTest.ScrapeData">
          <skipped />
    </testcase>
            <testcase name="scrapeData" time="0.0" classname="caseOfTest.ScrapeData">
          <skipped />
    </testcase>
            <testcase name="scrapeData" time="0.0" classname="caseOfTest.ScrapeData">
          <skipped />
    </testcase>
            <testcase name="scrapeData" time="0.0" classname="caseOfTest.ScrapeData">
          <skipped />
    </testcase>
            <testcase name="scrapeData" time="0.0" classname="caseOfTest.ScrapeData">
          <skipped />
    </testcase>
            <testcase name="scrapeData" time="0.0" classname="caseOfTest.ScrapeData">
          <skipped />
    </testcase>
            <testcase name="scrapeData" time="0.0" classname="caseOfTest.ScrapeData">
          <skipped />
    </testcase>
            <testcase name="scrapeData" time="0.0" classname="caseOfTest.ScrapeData">
          <skipped />
    </testcase>
            <testcase name="scrapeData" time="0.0" classname="caseOfTest.ScrapeData">
          <skipped />
    </testcase>
            <testcase name="scrapeData" time="0.0" classname="caseOfTest.ScrapeData">
          <skipped />
    </testcase>
            <testcase name="scrapeData" time="0.0" classname="caseOfTest.ScrapeData">
          <skipped />
    </testcase>
            <testcase name="scrapeData" time="0.0" classname="caseOfTest.ScrapeData">
          <skipped />
    </testcase>
            <testcase name="scrapeData" time="0.0" classname="caseOfTest.ScrapeData">
          <skipped />
    </testcase>
            <testcase name="scrapeData" time="0.0" classname="caseOfTest.ScrapeData">
          <skipped />
    </testcase>
            <testcase name="scrapeData" time="0.0" classname="caseOfTest.ScrapeData">
          <skipped />
    </testcase>
            <testcase name="scrapeData" time="0.0" classname="caseOfTest.ScrapeData">
          <skipped />
    </testcase>
            <testcase name="scrapeData" time="0.0" classname="caseOfTest.ScrapeData">
          <skipped />
    </testcase>
            <testcase name="scrapeData" time="0.0" classname="caseOfTest.ScrapeData">
          <skipped />
    </testcase>
            <testcase name="scrapeData" time="0.0" classname="caseOfTest.ScrapeData">
          <skipped />
    </testcase>
            <testcase name="scrapeData" time="0.0" classname="caseOfTest.ScrapeData">
          <skipped />
    </testcase>
            <testcase name="scrapeData" time="0.0" classname="caseOfTest.ScrapeData">
          <skipped />
    </testcase>
            <testcase name="scrapeData" time="0.0" classname="caseOfTest.ScrapeData">
          <skipped />
    </testcase>
            <testcase name="scrapeData" time="0.0" classname="caseOfTest.ScrapeData">
          <skipped />
    </testcase>
            <testcase name="scrapeData" time="0.0" classname="caseOfTest.ScrapeData">
          <skipped />
    </testcase>
            <testcase name="scrapeData" time="0.0" classname="caseOfTest.ScrapeData">
          <skipped />
    </testcase>
            <testcase name="scrapeData" time="0.0" classname="caseOfTest.ScrapeData">
          <skipped />
    </testcase>
            <testcase name="scrapeData" time="0.0" classname="caseOfTest.ScrapeData">
          <skipped />
    </testcase>
            <testcase name="scrapeData" time="0.0" classname="caseOfTest.ScrapeData">
          <skipped />
    </testcase>
            <testcase name="scrapeData" time="0.0" classname="caseOfTest.ScrapeData">
          <skipped />
    </testcase>
            <testcase name="scrapeData" time="0.0" classname="caseOfTest.ScrapeData">
          <skipped />
    </testcase>
            <testcase name="scrapeData" time="0.0" classname="caseOfTest.ScrapeData">
          <skipped />
    </testcase>
            <testcase name="scrapeData" time="0.0" classname="caseOfTest.ScrapeData">
          <skipped />
    </testcase>
            <testcase name="scrapeData" time="0.0" classname="caseOfTest.ScrapeData">
          <skipped />
    </testcase>
            <testcase name="scrapeData" time="0.0" classname="caseOfTest.ScrapeData">
          <skipped />
    </testcase>
            <testcase name="scrapeData" time="0.0" classname="caseOfTest.ScrapeData">
          <skipped />
    </testcase>
            <testcase name="scrapeData" time="0.0" classname="caseOfTest.ScrapeData">
          <skipped />
    </testcase>
            <testcase name="scrapeData" time="0.0" classname="caseOfTest.ScrapeData">
          <skipped />
    </testcase>
            <testcase name="scrapeData" time="0.0" classname="caseOfTest.ScrapeData">
          <skipped />
    </testcase>
            <testcase name="scrapeData" time="0.0" classname="caseOfTest.ScrapeData">
          <skipped />
    </testcase>
            <testcase name="scrapeData" time="0.0" classname="caseOfTest.ScrapeData">
          <skipped />
    </testcase>
            <testcase name="scrapeData" time="0.0" classname="caseOfTest.ScrapeData">
          <skipped />
    </testcase>
            <testcase name="scrapeData" time="0.0" classname="caseOfTest.ScrapeData">
          <skipped />
    </testcase>
            <testcase name="scrapeData" time="0.0" classname="caseOfTest.ScrapeData">
          <skipped />
    </testcase>
            <testcase name="scrapeData" time="0.0" classname="caseOfTest.ScrapeData">
          <skipped />
    </testcase>
            <testcase name="scrapeData" time="0.0" classname="caseOfTest.ScrapeData">
          <skipped />
    </testcase>
            <testcase name="scrapeData" time="0.0" classname="caseOfTest.ScrapeData">
          <skipped />
    </testcase>
            <testcase name="scrapeData" time="0.0" classname="caseOfTest.ScrapeData">
          <skipped />
    </testcase>
            <testcase name="scrapeData" time="0.0" classname="caseOfTest.ScrapeData">
          <skipped />
    </testcase>
            <testcase name="scrapeData" time="0.0" classname="caseOfTest.ScrapeData">
          <skipped />
    </testcase>
            <testcase name="scrapeData" time="0.0" classname="caseOfTest.ScrapeData">
          <skipped />
    </testcase>
            <testcase name="scrapeData" time="0.0" classname="caseOfTest.ScrapeData">
          <skipped />
    </testcase>
            <testcase name="scrapeData" time="0.0" classname="caseOfTest.ScrapeData">
          <skipped />
    </testcase>
            <testcase name="scrapeData" time="0.0" classname="caseOfTest.ScrapeData">
          <skipped />
    </testcase>
            <testcase name="scrapeData" time="0.0" classname="caseOfTest.ScrapeData">
          <skipped />
    </testcase>
            <testcase name="scrapeData" time="0.0" classname="caseOfTest.ScrapeData">
          <skipped />
    </testcase>
            <testcase name="scrapeData" time="0.0" classname="caseOfTest.ScrapeData">
          <skipped />
    </testcase>
            <testcase name="scrapeData" time="0.0" classname="caseOfTest.ScrapeData">
          <skipped />
    </testcase>
            <testcase name="scrapeData" time="0.0" classname="caseOfTest.ScrapeData">
          <skipped />
    </testcase>
            <testcase name="scrapeData" time="0.0" classname="caseOfTest.ScrapeData">
          <skipped />
    </testcase>
            <testcase name="scrapeData" time="0.0" classname="caseOfTest.ScrapeData">
          <skipped />
    </testcase>
            <testcase name="scrapeData" time="0.0" classname="caseOfTest.ScrapeData">
          <skipped />
    </testcase>
            <testcase name="scrapeData" time="0.0" classname="caseOfTest.ScrapeData">
          <skipped />
    </testcase>
            <testcase name="scrapeData" time="0.0" classname="caseOfTest.ScrapeData">
          <skipped />
    </testcase>
            <testcase name="scrapeData" time="0.0" classname="caseOfTest.ScrapeData">
          <skipped />
    </testcase>
            <testcase name="scrapeData" time="0.0" classname="caseOfTest.ScrapeData">
          <skipped />
    </testcase>
            <testcase name="scrapeData" time="0.0" classname="caseOfTest.ScrapeData">
          <skipped />
    </testcase>
            <testcase name="scrapeData" time="0.0" classname="caseOfTest.ScrapeData">
          <skipped />
    </testcase>
            <testcase name="scrapeData" time="0.0" classname="caseOfTest.ScrapeData">
          <skipped />
    </testcase>
            <testcase name="scrapeData" time="0.0" classname="caseOfTest.ScrapeData">
          <skipped />
    </testcase>
            <testcase name="scrapeData" time="0.0" classname="caseOfTest.ScrapeData">
          <skipped />
    </testcase>
            <testcase name="scrapeData" time="0.0" classname="caseOfTest.ScrapeData">
          <skipped />
    </testcase>
            <testcase name="scrapeData" time="0.0" classname="caseOfTest.ScrapeData">
          <skipped />
    </testcase>
            <testcase name="scrapeData" time="0.0" classname="caseOfTest.ScrapeData">
          <skipped />
    </testcase>
            <testcase name="scrapeData" time="0.0" classname="caseOfTest.ScrapeData">
          <skipped />
    </testcase>
            <testcase name="scrapeData" time="0.0" classname="caseOfTest.ScrapeData">
          <skipped />
    </testcase>
            <testcase name="scrapeData" time="0.0" classname="caseOfTest.ScrapeData">
          <skipped />
    </testcase>
            <testcase name="scrapeData" time="0.0" classname="caseOfTest.ScrapeData">
          <skipped />
    </testcase>
            <testcase name="scrapeData" time="0.0" classname="caseOfTest.ScrapeData">
          <skipped />
    </testcase>
            <testcase name="scrapeData" time="0.0" classname="caseOfTest.ScrapeData">
          <skipped />
    </testcase>
            <testcase name="scrapeData" time="0.0" classname="caseOfTest.ScrapeData">
          <skipped />
    </testcase>
            <testcase name="scrapeData" time="0.0" classname="caseOfTest.ScrapeData">
          <skipped />
    </testcase>
            <testcase name="scrapeData" time="0.0" classname="caseOfTest.ScrapeData">
          <skipped />
    </testcase>
            <testcase name="scrapeData" time="0.0" classname="caseOfTest.ScrapeData">
          <skipped />
    </testcase>
            <testcase name="scrapeData" time="0.0" classname="caseOfTest.ScrapeData">
          <skipped />
    </testcase>
            <testcase name="scrapeData" time="0.0" classname="caseOfTest.ScrapeData">
          <skipped />
    </testcase>
            <testcase name="scrapeData" time="0.0" classname="caseOfTest.ScrapeData">
          <skipped />
    </testcase>
            <testcase name="scrapeData" time="0.0" classname="caseOfTest.ScrapeData">
          <skipped />
    </testcase>
            <testcase name="scrapeData" time="0.0" classname="caseOfTest.ScrapeData">
          <skipped />
    </testcase>
            <testcase name="scrapeData" time="0.0" classname="caseOfTest.ScrapeData">
          <skipped />
    </testcase>
            <testcase name="scrapeData" time="0.0" classname="caseOfTest.ScrapeData">
          <skipped />
    </testcase>
            <testcase name="scrapeData" time="0.0" classname="caseOfTest.ScrapeData">
          <skipped />
    </testcase>
            <testcase name="scrapeData" time="0.0" classname="caseOfTest.ScrapeData">
          <skipped />
    </testcase>
            <testcase name="scrapeData" time="0.0" classname="caseOfTest.ScrapeData">
          <skipped />
    </testcase>
            <testcase name="scrapeData" time="0.0" classname="caseOfTest.ScrapeData">
          <skipped />
    </testcase>
            <testcase name="scrapeData" time="0.0" classname="caseOfTest.ScrapeData">
          <skipped />
    </testcase>
            <testcase name="scrapeData" time="0.0" classname="caseOfTest.ScrapeData">
          <skipped />
    </testcase>
            <testcase name="scrapeData" time="0.0" classname="caseOfTest.ScrapeData">
          <skipped />
    </testcase>
            <testcase name="scrapeData" time="0.0" classname="caseOfTest.ScrapeData">
          <skipped />
    </testcase>
            <testcase name="scrapeData" time="0.0" classname="caseOfTest.ScrapeData">
          <skipped />
    </testcase>
            <testcase name="scrapeData" time="0.0" classname="caseOfTest.ScrapeData">
          <skipped />
    </testcase>
            <testcase name="scrapeData" time="0.0" classname="caseOfTest.ScrapeData">
          <skipped />
    </testcase>
            <testcase name="scrapeData" time="0.0" classname="caseOfTest.ScrapeData">
          <skipped />
    </testcase>
            <testcase name="scrapeData" time="0.0" classname="caseOfTest.ScrapeData">
          <skipped />
    </testcase>
            <testcase name="scrapeData" time="0.0" classname="caseOfTest.ScrapeData">
          <skipped />
    </testcase>
            <testcase name="scrapeData" time="0.0" classname="caseOfTest.ScrapeData">
          <skipped />
    </testcase>
            <testcase name="scrapeData" time="0.0" classname="caseOfTest.ScrapeData">
          <skipped />
    </testcase>
            <testcase name="scrapeData" time="0.0" classname="caseOfTest.ScrapeData">
          <skipped />
    </testcase>
            <testcase name="scrapeData" time="0.0" classname="caseOfTest.ScrapeData">
          <skipped />
    </testcase>
            <testcase name="scrapeData" time="0.0" classname="caseOfTest.ScrapeData">
          <skipped />
    </testcase>
            <testcase name="scrapeData" time="0.0" classname="caseOfTest.ScrapeData">
          <skipped />
    </testcase>
            <testcase name="scrapeData" time="0.0" classname="caseOfTest.ScrapeData">
          <skipped />
    </testcase>
            <testcase name="scrapeData" time="0.0" classname="caseOfTest.ScrapeData">
          <skipped />
    </testcase>
            <testcase name="scrapeData" time="0.0" classname="caseOfTest.ScrapeData">
          <skipped />
    </testcase>
            <testcase name="scrapeData" time="0.0" classname="caseOfTest.ScrapeData">
          <skipped />
    </testcase>
            <testcase name="scrapeData" time="0.0" classname="caseOfTest.ScrapeData">
          <skipped />
    </testcase>
            <testcase name="scrapeData" time="0.0" classname="caseOfTest.ScrapeData">
          <skipped />
    </testcase>
            <testcase name="scrapeData" time="0.0" classname="caseOfTest.ScrapeData">
          <skipped />
    </testcase>
            <testcase name="scrapeData" time="0.0" classname="caseOfTest.ScrapeData">
          <skipped />
    </testcase>
            <testcase name="scrapeData" time="0.0" classname="caseOfTest.ScrapeData">
          <skipped />
    </testcase>
            <testcase name="scrapeData" time="0.0" classname="caseOfTest.ScrapeData">
          <skipped />
    </testcase>
            <testcase name="scrapeData" time="0.0" classname="caseOfTest.ScrapeData">
          <skipped />
    </testcase>
            <testcase name="scrapeData" time="0.0" classname="caseOfTest.ScrapeData">
          <skipped />
    </testcase>
            <testcase name="scrapeData" time="0.0" classname="caseOfTest.ScrapeData">
          <skipped />
    </testcase>
            <testcase name="scrapeData" time="0.0" classname="caseOfTest.ScrapeData">
          <skipped />
    </testcase>
            <testcase name="scrapeData" time="0.0" classname="caseOfTest.ScrapeData">
          <skipped />
    </testcase>
            <testcase name="scrapeData" time="0.0" classname="caseOfTest.ScrapeData">
          <skipped />
    </testcase>
            <testcase name="scrapeData" time="0.0" classname="caseOfTest.ScrapeData">
          <skipped />
    </testcase>
            <testcase name="scrapeData" time="0.0" classname="caseOfTest.ScrapeData">
          <skipped />
    </testcase>
            <testcase name="scrapeData" time="0.0" classname="caseOfTest.ScrapeData">
          <skipped />
    </testcase>
            <testcase name="scrapeData" time="0.0" classname="caseOfTest.ScrapeData">
          <skipped />
    </testcase>
            <testcase name="scrapeData" time="0.0" classname="caseOfTest.ScrapeData">
          <skipped />
    </testcase>
            <testcase name="scrapeData" time="0.0" classname="caseOfTest.ScrapeData">
          <skipped />
    </testcase>
            <testcase name="scrapeData" time="0.0" classname="caseOfTest.ScrapeData">
          <skipped />
    </testcase>
            <testcase name="scrapeData" time="0.0" classname="caseOfTest.ScrapeData">
          <skipped />
    </testcase>
            <testcase name="scrapeData" time="0.0" classname="caseOfTest.ScrapeData">
          <skipped />
    </testcase>
            <testcase name="scrapeData" time="0.0" classname="caseOfTest.ScrapeData">
          <skipped />
    </testcase>
            <testcase name="scrapeData" time="0.0" classname="caseOfTest.ScrapeData">
          <skipped />
    </testcase>
            <testcase name="scrapeData" time="0.0" classname="caseOfTest.ScrapeData">
          <skipped />
    </testcase>
            <testcase name="scrapeData" time="0.0" classname="caseOfTest.ScrapeData">
          <skipped />
    </testcase>
            <testcase name="scrapeData" time="0.0" classname="caseOfTest.ScrapeData">
          <skipped />
    </testcase>
            <testcase name="scrapeData" time="0.0" classname="caseOfTest.ScrapeData">
          <skipped />
    </testcase>
            <testcase name="scrapeData" time="0.0" classname="caseOfTest.ScrapeData">
          <skipped />
    </testcase>
            <testcase name="scrapeData" time="0.0" classname="caseOfTest.ScrapeData">
          <skipped />
    </testcase>
            <testcase name="scrapeData" time="0.0" classname="caseOfTest.ScrapeData">
          <skipped />
    </testcase>
            <testcase name="scrapeData" time="0.0" classname="caseOfTest.ScrapeData">
          <skipped />
    </testcase>
            <testcase name="scrapeData" time="0.0" classname="caseOfTest.ScrapeData">
          <skipped />
    </testcase>
            <testcase name="scrapeData" time="0.0" classname="caseOfTest.ScrapeData">
          <skipped />
    </testcase>
            <testcase name="scrapeData" time="0.0" classname="caseOfTest.ScrapeData">
          <skipped />
    </testcase>
            <testcase name="scrapeData" time="0.0" classname="caseOfTest.ScrapeData">
          <skipped />
    </testcase>
            <testcase name="scrapeData" time="0.0" classname="caseOfTest.ScrapeData">
          <skipped />
    </testcase>
            <testcase name="scrapeData" time="0.0" classname="caseOfTest.ScrapeData">
          <skipped />
    </testcase>
            <testcase name="scrapeData" time="0.0" classname="caseOfTest.ScrapeData">
          <skipped />
    </testcase>
            <testcase name="scrapeData" time="0.0" classname="caseOfTest.ScrapeData">
          <skipped />
    </testcase>
            <testcase name="scrapeData" time="0.0" classname="caseOfTest.ScrapeData">
          <skipped />
    </testcase>
            <testcase name="scrapeData" time="0.0" classname="caseOfTest.ScrapeData">
          <skipped />
    </testcase>
            <testcase name="scrapeData" time="0.0" classname="caseOfTest.ScrapeData">
          <skipped />
    </testcase>
            <testcase name="scrapeData" time="0.0" classname="caseOfTest.ScrapeData">
          <skipped />
    </testcase>
            <testcase name="scrapeData" time="0.0" classname="caseOfTest.ScrapeData">
          <skipped />
    </testcase>
            <testcase name="scrapeData" time="0.0" classname="caseOfTest.ScrapeData">
          <skipped />
    </testcase>
            <testcase name="scrapeData" time="0.0" classname="caseOfTest.ScrapeData">
          <skipped />
    </testcase>
            <testcase name="scrapeData" time="0.0" classname="caseOfTest.ScrapeData">
          <skipped />
    </testcase>
            <testcase name="scrapeData" time="0.0" classname="caseOfTest.ScrapeData">
          <skipped />
    </testcase>
            <testcase name="scrapeData" time="0.0" classname="caseOfTest.ScrapeData">
          <skipped />
    </testcase>
            <testcase name="scrapeData" time="0.0" classname="caseOfTest.ScrapeData">
          <skipped />
    </testcase>
            <testcase name="scrapeData" time="0.0" classname="caseOfTest.ScrapeData">
          <skipped />
    </testcase>
            <testcase name="scrapeData" time="0.0" classname="caseOfTest.ScrapeData">
          <skipped />
    </testcase>
            <testcase name="scrapeData" time="0.0" classname="caseOfTest.ScrapeData">
          <skipped />
    </testcase>
            <testcase name="scrapeData" time="0.0" classname="caseOfTest.ScrapeData">
          <skipped />
    </testcase>
            <testcase name="scrapeData" time="0.0" classname="caseOfTest.ScrapeData">
          <skipped />
    </testcase>
            <testcase name="scrapeData" time="0.0" classname="caseOfTest.ScrapeData">
          <skipped />
    </testcase>
            <testcase name="scrapeData" time="0.0" classname="caseOfTest.ScrapeData">
          <skipped />
    </testcase>
            <testcase name="scrapeData" time="0.0" classname="caseOfTest.ScrapeData">
          <skipped />
    </testcase>
            <testcase name="scrapeData" time="0.0" classname="caseOfTest.ScrapeData">
          <skipped />
    </testcase>
            <testcase name="scrapeData" time="0.0" classname="caseOfTest.ScrapeData">
          <skipped />
    </testcase>
            <testcase name="scrapeData" time="0.0" classname="caseOfTest.ScrapeData">
          <skipped />
    </testcase>
            <testcase name="scrapeData" time="0.0" classname="caseOfTest.ScrapeData">
          <skipped />
    </testcase>
            <testcase name="scrapeData" time="0.0" classname="caseOfTest.ScrapeData">
          <skipped />
    </testcase>
            <testcase name="scrapeData" time="0.0" classname="caseOfTest.ScrapeData">
          <skipped />
    </testcase>
            <testcase name="scrapeData" time="0.0" classname="caseOfTest.ScrapeData">
          <skipped />
    </testcase>
            <testcase name="scrapeData" time="0.0" classname="caseOfTest.ScrapeData">
          <skipped />
    </testcase>
            <testcase name="scrapeData" time="0.0" classname="caseOfTest.ScrapeData">
          <skipped />
    </testcase>
            <testcase name="scrapeData" time="0.0" classname="caseOfTest.ScrapeData">
          <skipped />
    </testcase>
            <testcase name="scrapeData" time="0.0" classname="caseOfTest.ScrapeData">
          <skipped />
    </testcase>
            <testcase name="scrapeData" time="0.0" classname="caseOfTest.ScrapeData">
          <skipped />
    </testcase>
            <testcase name="scrapeData" time="0.0" classname="caseOfTest.ScrapeData">
          <skipped />
    </testcase>
            <testcase name="scrapeData" time="0.0" classname="caseOfTest.ScrapeData">
          <skipped />
    </testcase>
            <testcase name="scrapeData" time="0.0" classname="caseOfTest.ScrapeData">
          <skipped />
    </testcase>
            <testcase name="scrapeData" time="0.0" classname="caseOfTest.ScrapeData">
          <skipped />
    </testcase>
            <testcase name="scrapeData" time="0.0" classname="caseOfTest.ScrapeData">
          <skipped />
    </testcase>
            <testcase name="scrapeData" time="0.0" classname="caseOfTest.ScrapeData">
          <skipped />
    </testcase>
            <testcase name="scrapeData" time="0.0" classname="caseOfTest.ScrapeData">
          <skipped />
    </testcase>
            <testcase name="scrapeData" time="0.0" classname="caseOfTest.ScrapeData">
          <skipped />
    </testcase>
            <testcase name="scrapeData" time="0.0" classname="caseOfTest.ScrapeData">
          <skipped />
    </testcase>
            <testcase name="scrapeData" time="0.0" classname="caseOfTest.ScrapeData">
          <skipped />
    </testcase>
            <testcase name="scrapeData" time="0.0" classname="caseOfTest.ScrapeData">
          <skipped />
    </testcase>
            <testcase name="scrapeData" time="0.0" classname="caseOfTest.ScrapeData">
          <skipped />
    </testcase>
            <testcase name="scrapeData" time="0.0" classname="caseOfTest.ScrapeData">
          <skipped />
    </testcase>
            <testcase name="scrapeData" time="0.0" classname="caseOfTest.ScrapeData">
          <skipped />
    </testcase>
            <testcase name="scrapeData" time="0.0" classname="caseOfTest.ScrapeData">
          <skipped />
    </testcase>
            <testcase name="scrapeData" time="0.0" classname="caseOfTest.ScrapeData">
          <skipped />
    </testcase>
            <testcase name="scrapeData" time="0.0" classname="caseOfTest.ScrapeData">
          <skipped />
    </testcase>
            <testcase name="scrapeData" time="0.0" classname="caseOfTest.ScrapeData">
          <skipped />
    </testcase>
            <testcase name="scrapeData" time="0.0" classname="caseOfTest.ScrapeData">
          <skipped />
    </testcase>
            <testcase name="scrapeData" time="0.0" classname="caseOfTest.ScrapeData">
          <skipped />
    </testcase>
            <testcase name="scrapeData" time="0.0" classname="caseOfTest.ScrapeData">
          <skipped />
    </testcase>
            <testcase name="scrapeData" time="0.0" classname="caseOfTest.ScrapeData">
          <skipped />
    </testcase>
            <testcase name="scrapeData" time="0.0" classname="caseOfTest.ScrapeData">
          <skipped />
    </testcase>
            <testcase name="scrapeData" time="0.0" classname="caseOfTest.ScrapeData">
          <skipped />
    </testcase>
            <testcase name="scrapeData" time="0.0" classname="caseOfTest.ScrapeData">
          <skipped />
    </testcase>
            <testcase name="scrapeData" time="0.0" classname="caseOfTest.ScrapeData">
          <skipped />
    </testcase>
            <testcase name="scrapeData" time="0.0" classname="caseOfTest.ScrapeData">
          <skipped />
    </testcase>
            <testcase name="scrapeData" time="0.0" classname="caseOfTest.ScrapeData">
          <skipped />
    </testcase>
            <testcase name="scrapeData" time="0.0" classname="caseOfTest.ScrapeData">
          <skipped />
    </testcase>
            <testcase name="scrapeData" time="0.0" classname="caseOfTest.ScrapeData">
          <skipped />
    </testcase>
            <testcase name="scrapeData" time="0.0" classname="caseOfTest.ScrapeData">
          <skipped />
    </testcase>
            <testcase name="scrapeData" time="0.0" classname="caseOfTest.ScrapeData">
          <skipped />
    </testcase>
            <testcase name="scrapeData" time="0.0" classname="caseOfTest.ScrapeData">
          <skipped />
    </testcase>
            <testcase name="scrapeData" time="0.0" classname="caseOfTest.ScrapeData">
          <skipped />
    </testcase>
            <testcase name="scrapeData" time="0.0" classname="caseOfTest.ScrapeData">
          <skipped />
    </testcase>
            <testcase name="scrapeData" time="0.0" classname="caseOfTest.ScrapeData">
          <skipped />
    </testcase>
            <testcase name="scrapeData" time="0.0" classname="caseOfTest.ScrapeData">
          <skipped />
    </testcase>
            <testcase name="scrapeData" time="0.0" classname="caseOfTest.ScrapeData">
          <skipped />
    </testcase>
            <testcase name="scrapeData" time="0.0" classname="caseOfTest.ScrapeData">
          <skipped />
    </testcase>
            <testcase name="scrapeData" time="0.0" classname="caseOfTest.ScrapeData">
          <skipped />
    </testcase>
            <testcase name="scrapeData" time="0.0" classname="caseOfTest.ScrapeData">
          <skipped />
    </testcase>
            <testcase name="scrapeData" time="0.0" classname="caseOfTest.ScrapeData">
          <skipped />
    </testcase>
            <testcase name="scrapeData" time="0.0" classname="caseOfTest.ScrapeData">
          <skipped />
    </testcase>
            <testcase name="scrapeData" time="0.0" classname="caseOfTest.ScrapeData">
          <skipped />
    </testcase>
            <testcase name="scrapeData" time="0.0" classname="caseOfTest.ScrapeData">
          <skipped />
    </testcase>
            <testcase name="scrapeData" time="0.0" classname="caseOfTest.ScrapeData">
          <skipped />
    </testcase>
            <testcase name="scrapeData" time="0.0" classname="caseOfTest.ScrapeData">
          <skipped />
    </testcase>
            <testcase name="scrapeData" time="0.0" classname="caseOfTest.ScrapeData">
          <skipped />
    </testcase>
            <testcase name="scrapeData" time="0.0" classname="caseOfTest.ScrapeData">
          <skipped />
    </testcase>
            <testcase name="scrapeData" time="0.0" classname="caseOfTest.ScrapeData">
          <skipped />
    </testcase>
            <testcase name="scrapeData" time="0.0" classname="caseOfTest.ScrapeData">
          <skipped />
    </testcase>
            <testcase name="scrapeData" time="0.0" classname="caseOfTest.ScrapeData">
          <skipped />
    </testcase>
            <testcase name="scrapeData" time="0.0" classname="caseOfTest.ScrapeData">
          <skipped />
    </testcase>
            <testcase name="scrapeData" time="0.0" classname="caseOfTest.ScrapeData">
          <skipped />
    </testcase>
            <testcase name="scrapeData" time="0.0" classname="caseOfTest.ScrapeData">
          <skipped />
    </testcase>
            <testcase name="scrapeData" time="0.0" classname="caseOfTest.ScrapeData">
          <skipped />
    </testcase>
            <testcase name="scrapeData" time="0.0" classname="caseOfTest.ScrapeData">
          <skipped />
    </testcase>
            <testcase name="scrapeData" time="0.0" classname="caseOfTest.ScrapeData">
          <skipped />
    </testcase>
            <testcase name="scrapeData" time="0.0" classname="caseOfTest.ScrapeData">
          <skipped />
    </testcase>
            <testcase name="scrapeData" time="0.0" classname="caseOfTest.ScrapeData">
          <skipped />
    </testcase>
            <testcase name="scrapeData" time="0.0" classname="caseOfTest.ScrapeData">
          <skipped />
    </testcase>
            <testcase name="scrapeData" time="0.0" classname="caseOfTest.ScrapeData">
          <skipped />
    </testcase>
            <testcase name="scrapeData" time="0.0" classname="caseOfTest.ScrapeData">
          <skipped />
    </testcase>
            <testcase name="scrapeData" time="0.0" classname="caseOfTest.ScrapeData">
          <skipped />
    </testcase>
            <testcase name="scrapeData" time="0.0" classname="caseOfTest.ScrapeData">
          <skipped />
    </testcase>
            <testcase name="scrapeData" time="0.0" classname="caseOfTest.ScrapeData">
          <skipped />
    </testcase>
            <testcase name="scrapeData" time="0.0" classname="caseOfTest.ScrapeData">
          <skipped />
    </testcase>
            <testcase name="scrapeData" time="0.0" classname="caseOfTest.ScrapeData">
          <skipped />
    </testcase>
            <testcase name="scrapeData" time="0.0" classname="caseOfTest.ScrapeData">
          <skipped />
    </testcase>
            <testcase name="scrapeData" time="0.0" classname="caseOfTest.ScrapeData">
          <skipped />
    </testcase>
            <testcase name="scrapeData" time="0.0" classname="caseOfTest.ScrapeData">
          <skipped />
    </testcase>
            <testcase name="scrapeData" time="0.0" classname="caseOfTest.ScrapeData">
          <skipped />
    </testcase>
            <testcase name="scrapeData" time="0.0" classname="caseOfTest.ScrapeData">
          <skipped />
    </testcase>
            <testcase name="scrapeData" time="0.0" classname="caseOfTest.ScrapeData">
          <skipped />
    </testcase>
            <testcase name="scrapeData" time="0.0" classname="caseOfTest.ScrapeData">
          <skipped />
    </testcase>
            <testcase name="scrapeData" time="0.0" classname="caseOfTest.ScrapeData">
          <skipped />
    </testcase>
            <testcase name="scrapeData" time="0.0" classname="caseOfTest.ScrapeData">
          <skipped />
    </testcase>
            <testcase name="scrapeData" time="0.0" classname="caseOfTest.ScrapeData">
          <skipped />
    </testcase>
            <testcase name="scrapeData" time="0.0" classname="caseOfTest.ScrapeData">
          <skipped />
    </testcase>
            <testcase name="scrapeData" time="0.0" classname="caseOfTest.ScrapeData">
          <skipped />
    </testcase>
            <testcase name="scrapeData" time="0.0" classname="caseOfTest.ScrapeData">
          <skipped />
    </testcase>
            <testcase name="scrapeData" time="0.0" classname="caseOfTest.ScrapeData">
          <skipped />
    </testcase>
            <testcase name="scrapeData" time="0.0" classname="caseOfTest.ScrapeData">
          <skipped />
    </testcase>
            <testcase name="scrapeData" time="0.0" classname="caseOfTest.ScrapeData">
          <skipped />
    </testcase>
            <testcase name="scrapeData" time="0.0" classname="caseOfTest.ScrapeData">
          <skipped />
    </testcase>
            <testcase name="scrapeData" time="0.0" classname="caseOfTest.ScrapeData">
          <skipped />
    </testcase>
            <testcase name="scrapeData" time="0.0" classname="caseOfTest.ScrapeData">
          <skipped />
    </testcase>
            <testcase name="scrapeData" time="0.0" classname="caseOfTest.ScrapeData">
          <skipped />
    </testcase>
            <testcase name="scrapeData" time="0.0" classname="caseOfTest.ScrapeData">
          <skipped />
    </testcase>
            <testcase name="scrapeData" time="0.0" classname="caseOfTest.ScrapeData">
          <skipped />
    </testcase>
            <testcase name="scrapeData" time="0.0" classname="caseOfTest.ScrapeData">
          <skipped />
    </testcase>
            <testcase name="scrapeData" time="0.0" classname="caseOfTest.ScrapeData">
          <skipped />
    </testcase>
            <testcase name="scrapeData" time="0.0" classname="caseOfTest.ScrapeData">
          <skipped />
    </testcase>
            <testcase name="scrapeData" time="0.0" classname="caseOfTest.ScrapeData">
          <skipped />
    </testcase>
            <testcase name="scrapeData" time="0.0" classname="caseOfTest.ScrapeData">
          <skipped />
    </testcase>
            <testcase name="scrapeData" time="0.0" classname="caseOfTest.ScrapeData">
          <skipped />
    </testcase>
            <testcase name="scrapeData" time="0.0" classname="caseOfTest.ScrapeData">
          <skipped />
    </testcase>
            <testcase name="scrapeData" time="0.0" classname="caseOfTest.ScrapeData">
          <skipped />
    </testcase>
            <testcase name="scrapeData" time="0.0" classname="caseOfTest.ScrapeData">
          <skipped />
    </testcase>
            <testcase name="scrapeData" time="0.0" classname="caseOfTest.ScrapeData">
          <skipped />
    </testcase>
            <testcase name="scrapeData" time="0.0" classname="caseOfTest.ScrapeData">
          <skipped />
    </testcase>
            <testcase name="scrapeData" time="0.0" classname="caseOfTest.ScrapeData">
          <skipped />
    </testcase>
            <testcase name="scrapeData" time="0.0" classname="caseOfTest.ScrapeData">
          <skipped />
    </testcase>
            <testcase name="scrapeData" time="0.0" classname="caseOfTest.ScrapeData">
          <skipped />
    </testcase>
            <testcase name="scrapeData" time="0.0" classname="caseOfTest.ScrapeData">
          <skipped />
    </testcase>
            <testcase name="scrapeData" time="0.0" classname="caseOfTest.ScrapeData">
          <skipped />
    </testcase>
  
            <testcase name="retrieveQuote" time="94.998" classname="caseOfTest.ScrapeData" />
                <testcase name="scrapeData" time="8.221" classname="caseOfTest.ScrapeData" />
                <testcase name="scrapeData" time="7.712" classname="caseOfTest.ScrapeData" />
                <testcase name="scrapeData" time="8.289" classname="caseOfTest.ScrapeData" />
                <testcase name="scrapeData" time="8.464" classname="caseOfTest.ScrapeData" />
                <testcase name="scrapeData" time="7.034" classname="caseOfTest.ScrapeData" />
                <testcase name="scrapeData" time="7.923" classname="caseOfTest.ScrapeData" />
                <testcase name="scrapeData" time="8.106" classname="caseOfTest.ScrapeData" />
                <testcase name="scrapeData" time="8.034" classname="caseOfTest.ScrapeData" />
                <testcase name="scrapeData" time="6.077" classname="caseOfTest.ScrapeData" />
                <testcase name="scrapeData" time="8.293" classname="caseOfTest.ScrapeData" />
                <testcase name="scrapeData" time="8.308" classname="caseOfTest.ScrapeData" />
                <testcase name="scrapeData" time="8.236" classname="caseOfTest.ScrapeData" />
                <testcase name="scrapeData" time="8.166" classname="caseOfTest.ScrapeData" />
                <testcase name="scrapeData" time="6.068" classname="caseOfTest.ScrapeData" />
                <testcase name="scrapeData" time="8.594" classname="caseOfTest.ScrapeData" />
                <testcase name="scrapeData" time="6.110" classname="caseOfTest.ScrapeData" />
                <testcase name="scrapeData" time="6.071" classname="caseOfTest.ScrapeData" />
                <testcase name="scrapeData" time="8.420" classname="caseOfTest.ScrapeData" />
                <testcase name="scrapeData" time="7.724" classname="caseOfTest.ScrapeData" />
                <testcase name="scrapeData" time="8.056" classname="caseOfTest.ScrapeData" />
                <testcase name="scrapeData" time="9.081" classname="caseOfTest.ScrapeData" />
                <testcase name="scrapeData" time="7.856" classname="caseOfTest.ScrapeData" />
                <testcase name="scrapeData" time="8.106" classname="caseOfTest.ScrapeData" />
                <testcase name="scrapeData" time="8.499" classname="caseOfTest.ScrapeData" />
                <testcase name="scrapeData" time="11.919" classname="caseOfTest.ScrapeData" />
                <testcase name="scrapeData" time="8.558" classname="caseOfTest.ScrapeData" />
                <testcase name="scrapeData" time="7.922" classname="caseOfTest.ScrapeData" />
                <testcase name="scrapeData" time="7.745" classname="caseOfTest.ScrapeData" />
                <testcase name="scrapeData" time="8.121" classname="caseOfTest.ScrapeData" />
                <testcase name="scrapeData" time="8.115" classname="caseOfTest.ScrapeData" />
                <testcase name="scrapeData" time="8.477" classname="caseOfTest.ScrapeData" />
                <testcase name="scrapeData" time="6.124" classname="caseOfTest.ScrapeData" />
                <testcase name="scrapeData" time="8.783" classname="caseOfTest.ScrapeData" />
                <testcase name="scrapeData" time="10.363" classname="caseOfTest.ScrapeData" />
                <testcase name="scrapeData" time="9.395" classname="caseOfTest.ScrapeData" />
                <testcase name="scrapeData" time="8.033" classname="caseOfTest.ScrapeData" />
                <testcase name="scrapeData" time="6.673" classname="caseOfTest.ScrapeData" />
                <testcase name="scrapeData" time="8.336" classname="caseOfTest.ScrapeData" />
                <testcase name="scrapeData" time="8.648" classname="caseOfTest.ScrapeData" />
                <testcase name="scrapeData" time="8.335" classname="caseOfTest.ScrapeData" />
                <testcase name="scrapeData" time="7.979" classname="caseOfTest.ScrapeData" />
                <testcase name="scrapeData" time="8.584" classname="caseOfTest.ScrapeData" />
                <testcase name="scrapeData" time="8.484" classname="caseOfTest.ScrapeData" />
                <testcase name="scrapeData" time="7.701" classname="caseOfTest.ScrapeData" />
                <testcase name="scrapeData" time="6.616" classname="caseOfTest.ScrapeData" />
                <testcase name="scrapeData" time="8.457" classname="caseOfTest.ScrapeData" />
                <testcase name="scrapeData" time="8.632" classname="caseOfTest.ScrapeData" />
                <testcase name="scrapeData" time="6.100" classname="caseOfTest.ScrapeData" />
                <testcase name="scrapeData" time="8.147" classname="caseOfTest.ScrapeData" />
                <testcase name="scrapeData" time="8.224" classname="caseOfTest.ScrapeData" />
                <testcase name="scrapeData" time="8.303" classname="caseOfTest.ScrapeData" />
                <testcase name="scrapeData" time="6.076" classname="caseOfTest.ScrapeData" />
                <testcase name="scrapeData" time="6.070" classname="caseOfTest.ScrapeData" />
                <testcase name="scrapeData" time="7.611" classname="caseOfTest.ScrapeData" />
                <testcase name="scrapeData" time="7.767" classname="caseOfTest.ScrapeData" />
                <testcase name="scrapeData" time="7.967" classname="caseOfTest.ScrapeData" />
                <testcase name="scrapeData" time="6.064" classname="caseOfTest.ScrapeData" />
                <testcase name="scrapeData" time="8.389" classname="caseOfTest.ScrapeData" />
                <testcase name="scrapeData" time="8.199" classname="caseOfTest.ScrapeData" />
                <testcase name="scrapeData" time="19.576" classname="caseOfTest.ScrapeData" />
                <testcase name="scrapeData" time="7.585" classname="caseOfTest.ScrapeData" />
                <testcase name="scrapeData" time="6.070" classname="caseOfTest.ScrapeData" />
                <testcase name="scrapeData" time="10.583" classname="caseOfTest.ScrapeData" />
                <testcase name="scrapeData" time="6.073" classname="caseOfTest.ScrapeData" />
                <testcase name="scrapeData" time="13.192" classname="caseOfTest.ScrapeData" />
                <testcase name="scrapeData" time="8.119" classname="caseOfTest.ScrapeData" />
                <testcase name="scrapeData" time="8.609" classname="caseOfTest.ScrapeData" />
                <testcase name="scrapeData" time="8.545" classname="caseOfTest.ScrapeData" />
                <testcase name="scrapeData" time="8.304" classname="caseOfTest.ScrapeData" />
                <testcase name="scrapeData" time="8.394" classname="caseOfTest.ScrapeData" />
                <testcase name="scrapeData" time="8.341" classname="caseOfTest.ScrapeData" />
                <testcase name="scrapeData" time="6.071" classname="caseOfTest.ScrapeData" />
                <testcase name="scrapeData" time="8.104" classname="caseOfTest.ScrapeData" />
                <testcase name="scrapeData" time="8.254" classname="caseOfTest.ScrapeData" />
                <testcase name="scrapeData" time="8.160" classname="caseOfTest.ScrapeData" />
                <testcase name="scrapeData" time="7.574" classname="caseOfTest.ScrapeData" />
                <testcase name="scrapeData" time="6.068" classname="caseOfTest.ScrapeData" />
                <testcase name="scrapeData" time="7.846" classname="caseOfTest.ScrapeData" />
                <testcase name="scrapeData" time="6.092" classname="caseOfTest.ScrapeData" />
                <testcase name="scrapeData" time="8.086" classname="caseOfTest.ScrapeData" />
                <testcase name="scrapeData" time="6.095" classname="caseOfTest.ScrapeData" />
                <testcase name="scrapeData" time="8.096" classname="caseOfTest.ScrapeData" />
                <testcase name="scrapeData" time="8.233" classname="caseOfTest.ScrapeData" />
                <testcase name="scrapeData" time="8.606" classname="caseOfTest.ScrapeData" />
                <testcase name="scrapeData" time="7.721" classname="caseOfTest.ScrapeData" />
                <testcase name="scrapeData" time="6.567" classname="caseOfTest.ScrapeData" />
                <testcase name="scrapeData" time="6.975" classname="caseOfTest.ScrapeData" />
                <testcase name="scrapeData" time="7.588" classname="caseOfTest.ScrapeData" />
                <testcase name="scrapeData" time="7.796" classname="caseOfTest.ScrapeData" />
                <testcase name="scrapeData" time="8.615" classname="caseOfTest.ScrapeData" />
                <testcase name="scrapeData" time="6.077" classname="caseOfTest.ScrapeData" />
                <testcase name="scrapeData" time="8.330" classname="caseOfTest.ScrapeData" />
                <testcase name="scrapeData" time="7.742" classname="caseOfTest.ScrapeData" />
                <testcase name="scrapeData" time="8.480" classname="caseOfTest.ScrapeData" />
                <testcase name="scrapeData" time="6.082" classname="caseOfTest.ScrapeData" />
                <testcase name="scrapeData" time="8.080" classname="caseOfTest.ScrapeData" />
                <testcase name="scrapeData" time="7.998" classname="caseOfTest.ScrapeData" />
                <testcase name="scrapeData" time="6.072" classname="caseOfTest.ScrapeData" />
                <testcase name="scrapeData" time="6.067" classname="caseOfTest.ScrapeData" />
                <testcase name="scrapeData" time="6.744" classname="caseOfTest.ScrapeData" />
                <testcase name="scrapeData" time="7.915" classname="caseOfTest.ScrapeData" />
                <testcase name="scrapeData" time="8.402" classname="caseOfTest.ScrapeData" />
                <testcase name="scrapeData" time="6.077" classname="caseOfTest.ScrapeData" />
                <testcase name="scrapeData" time="6.082" classname="caseOfTest.ScrapeData" />
                <testcase name="scrapeData" time="8.122" classname="caseOfTest.ScrapeData" />
                <testcase name="scrapeData" time="8.235" classname="caseOfTest.ScrapeData" />
                <testcase name="scrapeData" time="6.066" classname="caseOfTest.ScrapeData" />
                <testcase name="scrapeData" time="11.287" classname="caseOfTest.ScrapeData" />
                <testcase name="scrapeData" time="7.739" classname="caseOfTest.ScrapeData" />
                <testcase name="scrapeData" time="8.324" classname="caseOfTest.ScrapeData" />
                <testcase name="scrapeData" time="8.343" classname="caseOfTest.ScrapeData" />
                <testcase name="scrapeData" time="8.223" classname="caseOfTest.ScrapeData" />
                <testcase name="loginCheck" time="8.406" classname="caseOfTest.ScrapeData" />
                <testcase name="scrapeData" time="7.980" classname="caseOfTest.ScrapeData" />
                <testcase name="scrapeData" time="7.913" classname="caseOfTest.ScrapeData" />
                <testcase name="scrapeData" time="6.839" classname="caseOfTest.ScrapeData" />
                <testcase name="scrapeData" time="7.490" classname="caseOfTest.ScrapeData" />
                <testcase name="scrapeData" time="7.803" classname="caseOfTest.ScrapeData" />
                <testcase name="scrapeData" time="11.641" classname="caseOfTest.ScrapeData" />
                <testcase name="scrapeData" time="6.880" classname="caseOfTest.ScrapeData" />
                <testcase name="scrapeData" time="6.086" classname="caseOfTest.ScrapeData" />
                <testcase name="scrapeData" time="8.180" classname="caseOfTest.ScrapeData" />
                <testcase name="scrapeData" time="6.074" classname="caseOfTest.ScrapeData" />
                <testcase name="scrapeData" time="7.808" classname="caseOfTest.ScrapeData" />
                <testcase name="scrapeData" time="6.081" classname="caseOfTest.ScrapeData" />
                <testcase name="scrapeData" time="8.406" classname="caseOfTest.ScrapeData" />
                <testcase name="scrapeData" time="6.129" classname="caseOfTest.ScrapeData" />
                <testcase name="scrapeData" time="8.090" classname="caseOfTest.ScrapeData" />
                <testcase name="scrapeData" time="8.656" classname="caseOfTest.ScrapeData" />
                <testcase name="scrapeData" time="8.311" classname="caseOfTest.ScrapeData" />
                <testcase name="scrapeData" time="6.081" classname="caseOfTest.ScrapeData" />
                <testcase name="scrapeData" time="7.724" classname="caseOfTest.ScrapeData" />
                <testcase name="scrapeData" time="7.915" classname="caseOfTest.ScrapeData" />
                <testcase name="scrapeData" time="8.209" classname="caseOfTest.ScrapeData" />
                <testcase name="scrapeData" time="8.570" classname="caseOfTest.ScrapeData" />
                <testcase name="scrapeData" time="8.275" classname="caseOfTest.ScrapeData" />
                <testcase name="scrapeData" time="12.260" classname="caseOfTest.ScrapeData" />
                <testcase name="scrapeData" time="8.514" classname="caseOfTest.ScrapeData" />
                <testcase name="scrapeData" time="7.648" classname="caseOfTest.ScrapeData" />
                <testcase name="scrapeData" time="8.241" classname="caseOfTest.ScrapeData" />
                <testcase name="scrapeData" time="8.131" classname="caseOfTest.ScrapeData" />
                <testcase name="scrapeData" time="6.073" classname="caseOfTest.ScrapeData" />
                <testcase name="scrapeData" time="8.123" classname="caseOfTest.ScrapeData" />
                <testcase name="scrapeData" time="6.110" classname="caseOfTest.ScrapeData" />
                <testcase name="scrapeData" time="8.313" classname="caseOfTest.ScrapeData" />
                <testcase name="scrapeData" time="9.638" classname="caseOfTest.ScrapeData" />
                <testcase name="scrapeData" time="7.660" classname="caseOfTest.ScrapeData" />
                <testcase name="scrapeData" time="9.124" classname="caseOfTest.ScrapeData" />
                <testcase name="scrapeData" time="8.623" classname="caseOfTest.ScrapeData" />
                <testcase name="scrapeData" time="11.183" classname="caseOfTest.ScrapeData" />
                <testcase name="scrapeData" time="8.474" classname="caseOfTest.ScrapeData" />
                <testcase name="scrapeData" time="8.378" classname="caseOfTest.ScrapeData" />
                <testcase name="scrapeData" time="8.405" classname="caseOfTest.ScrapeData" />
                <testcase name="scrapeData" time="8.133" classname="caseOfTest.ScrapeData" />
                <testcase name="scrapeData" time="7.508" classname="caseOfTest.ScrapeData" />
                <testcase name="scrapeData" time="6.069" classname="caseOfTest.ScrapeData" />
                <testcase name="scrapeData" time="8.458" classname="caseOfTest.ScrapeData" />
                <testcase name="scrapeData" time="6.771" classname="caseOfTest.ScrapeData" />
                <testcase name="scrapeData" time="6.085" classname="caseOfTest.ScrapeData" />
                <testcase name="scrapeData" time="8.278" classname="caseOfTest.ScrapeData" />
                <testcase name="scrapeData" time="6.082" classname="caseOfTest.ScrapeData" />
                <testcase name="scrapeData" time="8.379" classname="caseOfTest.ScrapeData" />
                <testcase name="scrapeData" time="8.167" classname="caseOfTest.ScrapeData" />
                <testcase name="scrapeData" time="6.857" classname="caseOfTest.ScrapeData" />
                <testcase name="scrapeData" time="8.136" classname="caseOfTest.ScrapeData" />
                <testcase name="scrapeData" time="7.968" classname="caseOfTest.ScrapeData" />
                <testcase name="scrapeData" time="8.615" classname="caseOfTest.ScrapeData" />
                <testcase name="scrapeData" time="8.284" classname="caseOfTest.ScrapeData" />
                <testcase name="scrapeData" time="7.975" classname="caseOfTest.ScrapeData" />
                <testcase name="scrapeData" time="8.933" classname="caseOfTest.ScrapeData" />
                <testcase name="scrapeData" time="6.064" classname="caseOfTest.ScrapeData" />
                <testcase name="scrapeData" time="8.196" classname="caseOfTest.ScrapeData" />
                <testcase name="scrapeData" time="5.432" classname="caseOfTest.ScrapeData" />
                <testcase name="scrapeData" time="8.558" classname="caseOfTest.ScrapeData" />
                <testcase name="scrapeData" time="8.099" classname="caseOfTest.ScrapeData" />
                <testcase name="scrapeData" time="8.200" classname="caseOfTest.ScrapeData" />
                <testcase name="scrapeData" time="8.151" classname="caseOfTest.ScrapeData" />
                <testcase name="scrapeData" time="8.629" classname="caseOfTest.ScrapeData" />
                <testcase name="scrapeData" time="8.142" classname="caseOfTest.ScrapeData" />
                <testcase name="scrapeData" time="7.903" classname="caseOfTest.ScrapeData" />
                <testcase name="scrapeData" time="8.687" classname="caseOfTest.ScrapeData" />
                <testcase name="scrapeData" time="9.227" classname="caseOfTest.ScrapeData" />
                <testcase name="scrapeData" time="7.951" classname="caseOfTest.ScrapeData" />
                <testcase name="scrapeData" time="7.884" classname="caseOfTest.ScrapeData" />
                <testcase name="scrapeData" time="10.871" classname="caseOfTest.ScrapeData" />
                <testcase name="scrapeData" time="6.077" classname="caseOfTest.ScrapeData" />
                <testcase name="scrapeData" time="7.760" classname="caseOfTest.ScrapeData" />
                <testcase name="scrapeData" time="8.174" classname="caseOfTest.ScrapeData" />
                <testcase name="scrapeData" time="8.169" classname="caseOfTest.ScrapeData" />
                <testcase name="scrapeData" time="8.307" classname="caseOfTest.ScrapeData" />
                <testcase name="scrapeData" time="8.246" classname="caseOfTest.ScrapeData" />
                <testcase name="scrapeData" time="7.748" classname="caseOfTest.ScrapeData" />
                <testcase name="scrapeData" time="11.858" classname="caseOfTest.ScrapeData" />
                <testcase name="scrapeData" time="8.565" classname="caseOfTest.ScrapeData" />
      
</testsuite>
