<?xml version="1.0" encoding="UTF-8"?>
<testsuite name="LoginTest"
           tests="6"
           failures="0"
           errors="0"
           skipped="2"
           time="65.424">
  <properties />
  
            <testcase name="createQuoteWithData" time="0.0" classname="caseOfTest.LoginTest">
          <skipped />
    </testcase>
            <testcase name="createQuoteWithData" time="0.0" classname="caseOfTest.LoginTest">
          <skipped />
    </testcase>
  
            <testcase name="createQuoteWithData" time="8.954" classname="caseOfTest.LoginTest" />
                <testcase name="createQuoteWithData" time="4.040" classname="caseOfTest.LoginTest" />
                <testcase name="openCreateQuote" time="42.669" classname="caseOfTest.LoginTest" />
                <testcase name="loginCheck" time="9.757" classname="caseOfTest.LoginTest" />
      
</testsuite>
