<?xml version="1.0" encoding="UTF-8"?>
<testng-results skipped="0" failed="0" ignored="2" total="5" passed="3">
  <reporter-output>
  </reporter-output>
  <suite name="Default suite" duration-ms="72637" started-at="2018-11-09T21:43:19Z" finished-at="2018-11-09T21:44:32Z">
    <groups>
    </groups>
    <test name="Default test" duration-ms="72637" started-at="2018-11-09T21:43:19Z" finished-at="2018-11-09T21:44:32Z">
      <class name="caseOfTest.LoginTest">
        <test-method status="PASS" signature="setUp()[pri:0, instance:caseOfTest.LoginTest@68bbe345]" name="setUp" is-config="true" duration-ms="28975" started-at="2018-11-09T21:42:50Z" finished-at="2018-11-09T21:43:19Z">
          <reporter-output>
          </reporter-output>
        </test-method> <!-- setUp -->
        <test-method status="PASS" signature="loginCheck()[pri:0, instance:caseOfTest.LoginTest@68bbe345]" name="loginCheck" duration-ms="9214" started-at="2018-11-09T21:43:19Z" finished-at="2018-11-09T21:43:28Z">
          <reporter-output>
          </reporter-output>
        </test-method> <!-- loginCheck -->
        <test-method status="PASS" signature="openCreateQuote()[pri:0, instance:caseOfTest.LoginTest@68bbe345]" name="openCreateQuote" duration-ms="33014" started-at="2018-11-09T21:43:28Z" depends-on-methods="caseOfTest.LoginTest.loginCheck" finished-at="2018-11-09T21:44:01Z">
          <reporter-output>
          </reporter-output>
        </test-method> <!-- openCreateQuote -->
        <test-method status="PASS" signature="createQuoteWithData()[pri:0, instance:caseOfTest.LoginTest@68bbe345]" name="createQuoteWithData" duration-ms="30359" started-at="2018-11-09T21:44:01Z" depends-on-methods="caseOfTest.LoginTest.loginCheck, caseOfTest.LoginTest.openCreateQuote" finished-at="2018-11-09T21:44:32Z">
          <reporter-output>
          </reporter-output>
        </test-method> <!-- createQuoteWithData -->
        <test-method status="PASS" signature="tearDown()[pri:0, instance:caseOfTest.LoginTest@68bbe345]" name="tearDown" is-config="true" duration-ms="1184" started-at="2018-11-09T21:44:32Z" finished-at="2018-11-09T21:44:33Z">
          <reporter-output>
          </reporter-output>
        </test-method> <!-- tearDown -->
      </class> <!-- caseOfTest.LoginTest -->
    </test> <!-- Default test -->
  </suite> <!-- Default suite -->
</testng-results>
